INFO:root:
Sequence: Overall Strategy
| Sequence: Territorial Expansion
| | Check: not_totally_dominating
| | Check: fleet_planet_balance
| | Action: expand_frontier
| Sequence: Territorial Defense
| | Check: enemy_fleet_present
| | Action: request_reinforcement

DEBUG:root:Executing:Sequence: Overall Strategy
DEBUG:root:Executing:Sequence: Territorial Expansion
DEBUG:root:Executing:Check: not_totally_dominating
DEBUG:root:Result: Check: not_totally_dominating -> Success
DEBUG:root:Executing:Check: fleet_planet_balance
DEBUG:root:Result: Check: fleet_planet_balance -> Success
DEBUG:root:Executing:Action: expand_frontier
DEBUG:root:Order:1 16 10.0
DEBUG:root:Order:1 15 10.0
DEBUG:root:Order:1 22 36.0
DEBUG:root:Result: Action: expand_frontier -> Success
DEBUG:root:Result: Sequence: Territorial Expansion -> Success
DEBUG:root:Executing:Sequence: Territorial Defense
DEBUG:root:Executing:Check: enemy_fleet_present
DEBUG:root:Result: Check: enemy_fleet_present -> Failure
DEBUG:root:Result: Sequence: Territorial Defense -> Failure
DEBUG:root:Result: Sequence: Overall Strategy -> Failure
DEBUG:root:Finish turn

DEBUG:root:Executing:Sequence: Overall Strategy
DEBUG:root:Executing:Sequence: Territorial Expansion
DEBUG:root:Executing:Check: not_totally_dominating
DEBUG:root:Result: Check: not_totally_dominating -> Success
DEBUG:root:Executing:Check: fleet_planet_balance
DEBUG:root:Result: Check: fleet_planet_balance -> Failure
DEBUG:root:Result: Sequence: Territorial Expansion -> Failure
DEBUG:root:Result: Sequence: Overall Strategy -> Failure
DEBUG:root:Finish turn

DEBUG:root:Executing:Sequence: Overall Strategy
DEBUG:root:Executing:Sequence: Territorial Expansion
DEBUG:root:Executing:Check: not_totally_dominating
DEBUG:root:Result: Check: not_totally_dominating -> Success
DEBUG:root:Executing:Check: fleet_planet_balance
DEBUG:root:Result: Check: fleet_planet_balance -> Failure
DEBUG:root:Result: Sequence: Territorial Expansion -> Failure
DEBUG:root:Result: Sequence: Overall Strategy -> Failure
DEBUG:root:Finish turn

DEBUG:root:Executing:Sequence: Overall Strategy
DEBUG:root:Executing:Sequence: Territorial Expansion
DEBUG:root:Executing:Check: not_totally_dominating
DEBUG:root:Result: Check: not_totally_dominating -> Success
DEBUG:root:Executing:Check: fleet_planet_balance
DEBUG:root:Result: Check: fleet_planet_balance -> Failure
DEBUG:root:Result: Sequence: Territorial Expansion -> Failure
DEBUG:root:Result: Sequence: Overall Strategy -> Failure
DEBUG:root:Finish turn

DEBUG:root:Executing:Sequence: Overall Strategy
DEBUG:root:Executing:Sequence: Territorial Expansion
DEBUG:root:Executing:Check: not_totally_dominating
DEBUG:root:Result: Check: not_totally_dominating -> Success
DEBUG:root:Executing:Check: fleet_planet_balance
DEBUG:root:Result: Check: fleet_planet_balance -> Failure
DEBUG:root:Result: Sequence: Territorial Expansion -> Failure
DEBUG:root:Result: Sequence: Overall Strategy -> Failure
DEBUG:root:Finish turn

DEBUG:root:Executing:Sequence: Overall Strategy
DEBUG:root:Executing:Sequence: Territorial Expansion
DEBUG:root:Executing:Check: not_totally_dominating
DEBUG:root:Result: Check: not_totally_dominating -> Success
DEBUG:root:Executing:Check: fleet_planet_balance
DEBUG:root:Result: Check: fleet_planet_balance -> Failure
DEBUG:root:Result: Sequence: Territorial Expansion -> Failure
DEBUG:root:Result: Sequence: Overall Strategy -> Failure
DEBUG:root:Finish turn

DEBUG:root:Executing:Sequence: Overall Strategy
DEBUG:root:Executing:Sequence: Territorial Expansion
DEBUG:root:Executing:Check: not_totally_dominating
DEBUG:root:Result: Check: not_totally_dominating -> Success
DEBUG:root:Executing:Check: fleet_planet_balance
DEBUG:root:Result: Check: fleet_planet_balance -> Failure
DEBUG:root:Result: Sequence: Territorial Expansion -> Failure
DEBUG:root:Result: Sequence: Overall Strategy -> Failure
DEBUG:root:Finish turn

DEBUG:root:Executing:Sequence: Overall Strategy
DEBUG:root:Executing:Sequence: Territorial Expansion
DEBUG:root:Executing:Check: not_totally_dominating
DEBUG:root:Result: Check: not_totally_dominating -> Success
DEBUG:root:Executing:Check: fleet_planet_balance
DEBUG:root:Result: Check: fleet_planet_balance -> Success
DEBUG:root:Executing:Action: expand_frontier
DEBUG:root:Order:1 3 22.0
DEBUG:root:Order:1 4 22.0
DEBUG:root:Result: Action: expand_frontier -> Success
DEBUG:root:Result: Sequence: Territorial Expansion -> Success
DEBUG:root:Executing:Sequence: Territorial Defense
DEBUG:root:Executing:Check: enemy_fleet_present
DEBUG:root:Result: Check: enemy_fleet_present -> Success
DEBUG:root:Executing:Action: request_reinforcement
DEBUG:root:Result: Action: request_reinforcement -> Failure
DEBUG:root:Result: Sequence: Territorial Defense -> Failure
DEBUG:root:Result: Sequence: Overall Strategy -> Failure
DEBUG:root:Finish turn

DEBUG:root:Executing:Sequence: Overall Strategy
DEBUG:root:Executing:Sequence: Territorial Expansion
DEBUG:root:Executing:Check: not_totally_dominating
DEBUG:root:Result: Check: not_totally_dominating -> Success
DEBUG:root:Executing:Check: fleet_planet_balance
DEBUG:root:Result: Check: fleet_planet_balance -> Failure
DEBUG:root:Result: Sequence: Territorial Expansion -> Failure
DEBUG:root:Result: Sequence: Overall Strategy -> Failure
DEBUG:root:Finish turn

DEBUG:root:Executing:Sequence: Overall Strategy
DEBUG:root:Executing:Sequence: Territorial Expansion
DEBUG:root:Executing:Check: not_totally_dominating
DEBUG:root:Result: Check: not_totally_dominating -> Success
DEBUG:root:Executing:Check: fleet_planet_balance
DEBUG:root:Result: Check: fleet_planet_balance -> Failure
DEBUG:root:Result: Sequence: Territorial Expansion -> Failure
DEBUG:root:Result: Sequence: Overall Strategy -> Failure
DEBUG:root:Finish turn

DEBUG:root:Executing:Sequence: Overall Strategy
DEBUG:root:Executing:Sequence: Territorial Expansion
DEBUG:root:Executing:Check: not_totally_dominating
DEBUG:root:Result: Check: not_totally_dominating -> Success
DEBUG:root:Executing:Check: fleet_planet_balance
DEBUG:root:Result: Check: fleet_planet_balance -> Failure
DEBUG:root:Result: Sequence: Territorial Expansion -> Failure
DEBUG:root:Result: Sequence: Overall Strategy -> Failure
DEBUG:root:Finish turn

DEBUG:root:Executing:Sequence: Overall Strategy
DEBUG:root:Executing:Sequence: Territorial Expansion
DEBUG:root:Executing:Check: not_totally_dominating
DEBUG:root:Result: Check: not_totally_dominating -> Success
DEBUG:root:Executing:Check: fleet_planet_balance
DEBUG:root:Result: Check: fleet_planet_balance -> Failure
DEBUG:root:Result: Sequence: Territorial Expansion -> Failure
DEBUG:root:Result: Sequence: Overall Strategy -> Failure
DEBUG:root:Finish turn

DEBUG:root:Executing:Sequence: Overall Strategy
DEBUG:root:Executing:Sequence: Territorial Expansion
DEBUG:root:Executing:Check: not_totally_dominating
DEBUG:root:Result: Check: not_totally_dominating -> Success
DEBUG:root:Executing:Check: fleet_planet_balance
DEBUG:root:Result: Check: fleet_planet_balance -> Failure
DEBUG:root:Result: Sequence: Territorial Expansion -> Failure
DEBUG:root:Result: Sequence: Overall Strategy -> Failure
DEBUG:root:Finish turn

DEBUG:root:Executing:Sequence: Overall Strategy
DEBUG:root:Executing:Sequence: Territorial Expansion
DEBUG:root:Executing:Check: not_totally_dominating
DEBUG:root:Result: Check: not_totally_dominating -> Success
DEBUG:root:Executing:Check: fleet_planet_balance
DEBUG:root:Result: Check: fleet_planet_balance -> Failure
DEBUG:root:Result: Sequence: Territorial Expansion -> Failure
DEBUG:root:Result: Sequence: Overall Strategy -> Failure
DEBUG:root:Finish turn

DEBUG:root:Executing:Sequence: Overall Strategy
DEBUG:root:Executing:Sequence: Territorial Expansion
DEBUG:root:Executing:Check: not_totally_dominating
DEBUG:root:Result: Check: not_totally_dominating -> Success
DEBUG:root:Executing:Check: fleet_planet_balance
DEBUG:root:Result: Check: fleet_planet_balance -> Failure
DEBUG:root:Result: Sequence: Territorial Expansion -> Failure
DEBUG:root:Result: Sequence: Overall Strategy -> Failure
DEBUG:root:Finish turn

DEBUG:root:Executing:Sequence: Overall Strategy
DEBUG:root:Executing:Sequence: Territorial Expansion
DEBUG:root:Executing:Check: not_totally_dominating
DEBUG:root:Result: Check: not_totally_dominating -> Success
DEBUG:root:Executing:Check: fleet_planet_balance
DEBUG:root:Result: Check: fleet_planet_balance -> Failure
DEBUG:root:Result: Sequence: Territorial Expansion -> Failure
DEBUG:root:Result: Sequence: Overall Strategy -> Failure
DEBUG:root:Finish turn

DEBUG:root:Executing:Sequence: Overall Strategy
DEBUG:root:Executing:Sequence: Territorial Expansion
DEBUG:root:Executing:Check: not_totally_dominating
DEBUG:root:Result: Check: not_totally_dominating -> Success
DEBUG:root:Executing:Check: fleet_planet_balance
DEBUG:root:Result: Check: fleet_planet_balance -> Failure
DEBUG:root:Result: Sequence: Territorial Expansion -> Failure
DEBUG:root:Result: Sequence: Overall Strategy -> Failure
DEBUG:root:Finish turn

DEBUG:root:Executing:Sequence: Overall Strategy
DEBUG:root:Executing:Sequence: Territorial Expansion
DEBUG:root:Executing:Check: not_totally_dominating
DEBUG:root:Result: Check: not_totally_dominating -> Success
DEBUG:root:Executing:Check: fleet_planet_balance
DEBUG:root:Result: Check: fleet_planet_balance -> Failure
DEBUG:root:Result: Sequence: Territorial Expansion -> Failure
DEBUG:root:Result: Sequence: Overall Strategy -> Failure
DEBUG:root:Finish turn

DEBUG:root:Executing:Sequence: Overall Strategy
DEBUG:root:Executing:Sequence: Territorial Expansion
DEBUG:root:Executing:Check: not_totally_dominating
DEBUG:root:Result: Check: not_totally_dominating -> Success
DEBUG:root:Executing:Check: fleet_planet_balance
DEBUG:root:Result: Check: fleet_planet_balance -> Success
DEBUG:root:Executing:Action: expand_frontier
DEBUG:root:Order:1 6 52.0
DEBUG:root:Order:22 5 33.0
DEBUG:root:Result: Action: expand_frontier -> Success
DEBUG:root:Result: Sequence: Territorial Expansion -> Success
DEBUG:root:Executing:Sequence: Territorial Defense
DEBUG:root:Executing:Check: enemy_fleet_present
DEBUG:root:Result: Check: enemy_fleet_present -> Success
DEBUG:root:Executing:Action: request_reinforcement
DEBUG:root:Order:3 3 0.5
DEBUG:root:Order:1 3 17.0
DEBUG:root:Result: Action: request_reinforcement -> Success
DEBUG:root:Result: Sequence: Territorial Defense -> Success
DEBUG:root:Result: Sequence: Overall Strategy -> Success
DEBUG:root:Finish turn

DEBUG:root:Executing:Sequence: Overall Strategy
DEBUG:root:Executing:Sequence: Territorial Expansion
DEBUG:root:Executing:Check: not_totally_dominating
DEBUG:root:Result: Check: not_totally_dominating -> Success
DEBUG:root:Executing:Check: fleet_planet_balance
DEBUG:root:Result: Check: fleet_planet_balance -> Failure
DEBUG:root:Result: Sequence: Territorial Expansion -> Failure
DEBUG:root:Result: Sequence: Overall Strategy -> Failure
DEBUG:root:Finish turn

DEBUG:root:Executing:Sequence: Overall Strategy
DEBUG:root:Executing:Sequence: Territorial Expansion
DEBUG:root:Executing:Check: not_totally_dominating
DEBUG:root:Result: Check: not_totally_dominating -> Success
DEBUG:root:Executing:Check: fleet_planet_balance
DEBUG:root:Result: Check: fleet_planet_balance -> Failure
DEBUG:root:Result: Sequence: Territorial Expansion -> Failure
DEBUG:root:Result: Sequence: Overall Strategy -> Failure
DEBUG:root:Finish turn

DEBUG:root:Executing:Sequence: Overall Strategy
DEBUG:root:Executing:Sequence: Territorial Expansion
DEBUG:root:Executing:Check: not_totally_dominating
DEBUG:root:Result: Check: not_totally_dominating -> Success
DEBUG:root:Executing:Check: fleet_planet_balance
DEBUG:root:Result: Check: fleet_planet_balance -> Failure
DEBUG:root:Result: Sequence: Territorial Expansion -> Failure
DEBUG:root:Result: Sequence: Overall Strategy -> Failure
DEBUG:root:Finish turn

DEBUG:root:Executing:Sequence: Overall Strategy
DEBUG:root:Executing:Sequence: Territorial Expansion
DEBUG:root:Executing:Check: not_totally_dominating
DEBUG:root:Result: Check: not_totally_dominating -> Success
DEBUG:root:Executing:Check: fleet_planet_balance
DEBUG:root:Result: Check: fleet_planet_balance -> Failure
DEBUG:root:Result: Sequence: Territorial Expansion -> Failure
DEBUG:root:Result: Sequence: Overall Strategy -> Failure
DEBUG:root:Finish turn

DEBUG:root:Executing:Sequence: Overall Strategy
DEBUG:root:Executing:Sequence: Territorial Expansion
DEBUG:root:Executing:Check: not_totally_dominating
DEBUG:root:Result: Check: not_totally_dominating -> Success
DEBUG:root:Executing:Check: fleet_planet_balance
DEBUG:root:Result: Check: fleet_planet_balance -> Failure
DEBUG:root:Result: Sequence: Territorial Expansion -> Failure
DEBUG:root:Result: Sequence: Overall Strategy -> Failure
DEBUG:root:Finish turn

DEBUG:root:Executing:Sequence: Overall Strategy
DEBUG:root:Executing:Sequence: Territorial Expansion
DEBUG:root:Executing:Check: not_totally_dominating
DEBUG:root:Result: Check: not_totally_dominating -> Success
DEBUG:root:Executing:Check: fleet_planet_balance
DEBUG:root:Result: Check: fleet_planet_balance -> Failure
DEBUG:root:Result: Sequence: Territorial Expansion -> Failure
DEBUG:root:Result: Sequence: Overall Strategy -> Failure
DEBUG:root:Finish turn

DEBUG:root:Executing:Sequence: Overall Strategy
DEBUG:root:Executing:Sequence: Territorial Expansion
DEBUG:root:Executing:Check: not_totally_dominating
DEBUG:root:Result: Check: not_totally_dominating -> Success
DEBUG:root:Executing:Check: fleet_planet_balance
DEBUG:root:Result: Check: fleet_planet_balance -> Failure
DEBUG:root:Result: Sequence: Territorial Expansion -> Failure
DEBUG:root:Result: Sequence: Overall Strategy -> Failure
DEBUG:root:Finish turn

DEBUG:root:Executing:Sequence: Overall Strategy
DEBUG:root:Executing:Sequence: Territorial Expansion
DEBUG:root:Executing:Check: not_totally_dominating
DEBUG:root:Result: Check: not_totally_dominating -> Success
DEBUG:root:Executing:Check: fleet_planet_balance
DEBUG:root:Result: Check: fleet_planet_balance -> Failure
DEBUG:root:Result: Sequence: Territorial Expansion -> Failure
DEBUG:root:Result: Sequence: Overall Strategy -> Failure
DEBUG:root:Finish turn

DEBUG:root:Executing:Sequence: Overall Strategy
DEBUG:root:Executing:Sequence: Territorial Expansion
DEBUG:root:Executing:Check: not_totally_dominating
DEBUG:root:Result: Check: not_totally_dominating -> Success
DEBUG:root:Executing:Check: fleet_planet_balance
DEBUG:root:Result: Check: fleet_planet_balance -> Failure
DEBUG:root:Result: Sequence: Territorial Expansion -> Failure
DEBUG:root:Result: Sequence: Overall Strategy -> Failure
DEBUG:root:Finish turn

DEBUG:root:Executing:Sequence: Overall Strategy
DEBUG:root:Executing:Sequence: Territorial Expansion
DEBUG:root:Executing:Check: not_totally_dominating
DEBUG:root:Result: Check: not_totally_dominating -> Success
DEBUG:root:Executing:Check: fleet_planet_balance
DEBUG:root:Result: Check: fleet_planet_balance -> Failure
DEBUG:root:Result: Sequence: Territorial Expansion -> Failure
DEBUG:root:Result: Sequence: Overall Strategy -> Failure
DEBUG:root:Finish turn

DEBUG:root:Executing:Sequence: Overall Strategy
DEBUG:root:Executing:Sequence: Territorial Expansion
DEBUG:root:Executing:Check: not_totally_dominating
DEBUG:root:Result: Check: not_totally_dominating -> Success
DEBUG:root:Executing:Check: fleet_planet_balance
DEBUG:root:Result: Check: fleet_planet_balance -> Success
DEBUG:root:Executing:Action: expand_frontier
DEBUG:root:Order:1 5 24.0
DEBUG:root:Bad order:1 52.0 61.0
DEBUG:root:Order:16 3 97.0
DEBUG:root:Order:22 10 75.0
DEBUG:root:Result: Action: expand_frontier -> Success
DEBUG:root:Result: Sequence: Territorial Expansion -> Success
DEBUG:root:Executing:Sequence: Territorial Defense
DEBUG:root:Executing:Check: enemy_fleet_present
DEBUG:root:Result: Check: enemy_fleet_present -> Success
DEBUG:root:Executing:Action: request_reinforcement
DEBUG:root:Result: Action: request_reinforcement -> Failure
DEBUG:root:Result: Sequence: Territorial Defense -> Failure
DEBUG:root:Result: Sequence: Overall Strategy -> Failure
DEBUG:root:Finish turn

DEBUG:root:Executing:Sequence: Overall Strategy
DEBUG:root:Executing:Sequence: Territorial Expansion
DEBUG:root:Executing:Check: not_totally_dominating
DEBUG:root:Result: Check: not_totally_dominating -> Success
DEBUG:root:Executing:Check: fleet_planet_balance
DEBUG:root:Result: Check: fleet_planet_balance -> Failure
DEBUG:root:Result: Sequence: Territorial Expansion -> Failure
DEBUG:root:Result: Sequence: Overall Strategy -> Failure
DEBUG:root:Finish turn

DEBUG:root:Executing:Sequence: Overall Strategy
DEBUG:root:Executing:Sequence: Territorial Expansion
DEBUG:root:Executing:Check: not_totally_dominating
DEBUG:root:Result: Check: not_totally_dominating -> Success
DEBUG:root:Executing:Check: fleet_planet_balance
DEBUG:root:Result: Check: fleet_planet_balance -> Failure
DEBUG:root:Result: Sequence: Territorial Expansion -> Failure
DEBUG:root:Result: Sequence: Overall Strategy -> Failure
DEBUG:root:Finish turn

DEBUG:root:Executing:Sequence: Overall Strategy
DEBUG:root:Executing:Sequence: Territorial Expansion
DEBUG:root:Executing:Check: not_totally_dominating
DEBUG:root:Result: Check: not_totally_dominating -> Success
DEBUG:root:Executing:Check: fleet_planet_balance
DEBUG:root:Result: Check: fleet_planet_balance -> Failure
DEBUG:root:Result: Sequence: Territorial Expansion -> Failure
DEBUG:root:Result: Sequence: Overall Strategy -> Failure
DEBUG:root:Finish turn

DEBUG:root:Executing:Sequence: Overall Strategy
DEBUG:root:Executing:Sequence: Territorial Expansion
DEBUG:root:Executing:Check: not_totally_dominating
DEBUG:root:Result: Check: not_totally_dominating -> Success
DEBUG:root:Executing:Check: fleet_planet_balance
DEBUG:root:Result: Check: fleet_planet_balance -> Failure
DEBUG:root:Result: Sequence: Territorial Expansion -> Failure
DEBUG:root:Result: Sequence: Overall Strategy -> Failure
DEBUG:root:Finish turn

DEBUG:root:Executing:Sequence: Overall Strategy
DEBUG:root:Executing:Sequence: Territorial Expansion
DEBUG:root:Executing:Check: not_totally_dominating
DEBUG:root:Result: Check: not_totally_dominating -> Success
DEBUG:root:Executing:Check: fleet_planet_balance
DEBUG:root:Result: Check: fleet_planet_balance -> Failure
DEBUG:root:Result: Sequence: Territorial Expansion -> Failure
DEBUG:root:Result: Sequence: Overall Strategy -> Failure
DEBUG:root:Finish turn

DEBUG:root:Executing:Sequence: Overall Strategy
DEBUG:root:Executing:Sequence: Territorial Expansion
DEBUG:root:Executing:Check: not_totally_dominating
DEBUG:root:Result: Check: not_totally_dominating -> Success
DEBUG:root:Executing:Check: fleet_planet_balance
DEBUG:root:Result: Check: fleet_planet_balance -> Failure
DEBUG:root:Result: Sequence: Territorial Expansion -> Failure
DEBUG:root:Result: Sequence: Overall Strategy -> Failure
DEBUG:root:Finish turn

DEBUG:root:Executing:Sequence: Overall Strategy
DEBUG:root:Executing:Sequence: Territorial Expansion
DEBUG:root:Executing:Check: not_totally_dominating
DEBUG:root:Result: Check: not_totally_dominating -> Success
DEBUG:root:Executing:Check: fleet_planet_balance
DEBUG:root:Result: Check: fleet_planet_balance -> Failure
DEBUG:root:Result: Sequence: Territorial Expansion -> Failure
DEBUG:root:Result: Sequence: Overall Strategy -> Failure
DEBUG:root:Finish turn

DEBUG:root:Executing:Sequence: Overall Strategy
DEBUG:root:Executing:Sequence: Territorial Expansion
DEBUG:root:Executing:Check: not_totally_dominating
DEBUG:root:Result: Check: not_totally_dominating -> Success
DEBUG:root:Executing:Check: fleet_planet_balance
DEBUG:root:Result: Check: fleet_planet_balance -> Failure
DEBUG:root:Result: Sequence: Territorial Expansion -> Failure
DEBUG:root:Result: Sequence: Overall Strategy -> Failure
DEBUG:root:Finish turn

DEBUG:root:Executing:Sequence: Overall Strategy
DEBUG:root:Executing:Sequence: Territorial Expansion
DEBUG:root:Executing:Check: not_totally_dominating
DEBUG:root:Result: Check: not_totally_dominating -> Success
DEBUG:root:Executing:Check: fleet_planet_balance
DEBUG:root:Result: Check: fleet_planet_balance -> Success
DEBUG:root:Executing:Action: expand_frontier
DEBUG:root:Order:1 4 74.0
DEBUG:root:Order:16 20 15.0
DEBUG:root:Order:16 19 26.0
DEBUG:root:Result: Action: expand_frontier -> Success
DEBUG:root:Result: Sequence: Territorial Expansion -> Success
DEBUG:root:Executing:Sequence: Territorial Defense
DEBUG:root:Executing:Check: enemy_fleet_present
DEBUG:root:Result: Check: enemy_fleet_present -> Success
DEBUG:root:Executing:Action: request_reinforcement
DEBUG:root:Result: Action: request_reinforcement -> Failure
DEBUG:root:Result: Sequence: Territorial Defense -> Failure
DEBUG:root:Result: Sequence: Overall Strategy -> Failure
DEBUG:root:Finish turn

DEBUG:root:Executing:Sequence: Overall Strategy
DEBUG:root:Executing:Sequence: Territorial Expansion
DEBUG:root:Executing:Check: not_totally_dominating
DEBUG:root:Result: Check: not_totally_dominating -> Success
DEBUG:root:Executing:Check: fleet_planet_balance
DEBUG:root:Result: Check: fleet_planet_balance -> Failure
DEBUG:root:Result: Sequence: Territorial Expansion -> Failure
DEBUG:root:Result: Sequence: Overall Strategy -> Failure
DEBUG:root:Finish turn

DEBUG:root:Executing:Sequence: Overall Strategy
DEBUG:root:Executing:Sequence: Territorial Expansion
DEBUG:root:Executing:Check: not_totally_dominating
DEBUG:root:Result: Check: not_totally_dominating -> Success
DEBUG:root:Executing:Check: fleet_planet_balance
DEBUG:root:Result: Check: fleet_planet_balance -> Failure
DEBUG:root:Result: Sequence: Territorial Expansion -> Failure
DEBUG:root:Result: Sequence: Overall Strategy -> Failure
DEBUG:root:Finish turn

DEBUG:root:Executing:Sequence: Overall Strategy
DEBUG:root:Executing:Sequence: Territorial Expansion
DEBUG:root:Executing:Check: not_totally_dominating
DEBUG:root:Result: Check: not_totally_dominating -> Success
DEBUG:root:Executing:Check: fleet_planet_balance
DEBUG:root:Result: Check: fleet_planet_balance -> Success
DEBUG:root:Executing:Action: expand_frontier
DEBUG:root:Order:1 20 21.0
DEBUG:root:Order:5 19 23.0
DEBUG:root:Order:22 8 61.0
DEBUG:root:Result: Action: expand_frontier -> Success
DEBUG:root:Result: Sequence: Territorial Expansion -> Success
DEBUG:root:Executing:Sequence: Territorial Defense
DEBUG:root:Executing:Check: enemy_fleet_present
DEBUG:root:Result: Check: enemy_fleet_present -> Success
DEBUG:root:Executing:Action: request_reinforcement
DEBUG:root:Result: Action: request_reinforcement -> Failure
DEBUG:root:Result: Sequence: Territorial Defense -> Failure
DEBUG:root:Result: Sequence: Overall Strategy -> Failure
DEBUG:root:Finish turn

DEBUG:root:Executing:Sequence: Overall Strategy
DEBUG:root:Executing:Sequence: Territorial Expansion
DEBUG:root:Executing:Check: not_totally_dominating
DEBUG:root:Result: Check: not_totally_dominating -> Success
DEBUG:root:Executing:Check: fleet_planet_balance
DEBUG:root:Result: Check: fleet_planet_balance -> Failure
DEBUG:root:Result: Sequence: Territorial Expansion -> Failure
DEBUG:root:Result: Sequence: Overall Strategy -> Failure
DEBUG:root:Finish turn

DEBUG:root:Executing:Sequence: Overall Strategy
DEBUG:root:Executing:Sequence: Territorial Expansion
DEBUG:root:Executing:Check: not_totally_dominating
DEBUG:root:Result: Check: not_totally_dominating -> Success
DEBUG:root:Executing:Check: fleet_planet_balance
DEBUG:root:Result: Check: fleet_planet_balance -> Success
DEBUG:root:Executing:Action: expand_frontier
DEBUG:root:Order:1 20 23.0
DEBUG:root:Order:3 18 36.0
DEBUG:root:Order:16 19 31.0
DEBUG:root:Result: Action: expand_frontier -> Success
DEBUG:root:Result: Sequence: Territorial Expansion -> Success
DEBUG:root:Executing:Sequence: Territorial Defense
DEBUG:root:Executing:Check: enemy_fleet_present
DEBUG:root:Result: Check: enemy_fleet_present -> Success
DEBUG:root:Executing:Action: request_reinforcement
DEBUG:root:Order:6 6 1.0
DEBUG:root:Order:5 5 1.0
DEBUG:root:Result: Action: request_reinforcement -> Success
DEBUG:root:Result: Sequence: Territorial Defense -> Success
DEBUG:root:Result: Sequence: Overall Strategy -> Success
DEBUG:root:Finish turn

DEBUG:root:Executing:Sequence: Overall Strategy
DEBUG:root:Executing:Sequence: Territorial Expansion
DEBUG:root:Executing:Check: not_totally_dominating
DEBUG:root:Result: Check: not_totally_dominating -> Success
DEBUG:root:Executing:Check: fleet_planet_balance
DEBUG:root:Result: Check: fleet_planet_balance -> Failure
DEBUG:root:Result: Sequence: Territorial Expansion -> Failure
DEBUG:root:Result: Sequence: Overall Strategy -> Failure
DEBUG:root:Finish turn

DEBUG:root:Executing:Sequence: Overall Strategy
DEBUG:root:Executing:Sequence: Territorial Expansion
DEBUG:root:Executing:Check: not_totally_dominating
DEBUG:root:Result: Check: not_totally_dominating -> Success
DEBUG:root:Executing:Check: fleet_planet_balance
DEBUG:root:Result: Check: fleet_planet_balance -> Failure
DEBUG:root:Result: Sequence: Territorial Expansion -> Failure
DEBUG:root:Result: Sequence: Overall Strategy -> Failure
DEBUG:root:Finish turn

DEBUG:root:Executing:Sequence: Overall Strategy
DEBUG:root:Executing:Sequence: Territorial Expansion
DEBUG:root:Executing:Check: not_totally_dominating
DEBUG:root:Result: Check: not_totally_dominating -> Success
DEBUG:root:Executing:Check: fleet_planet_balance
DEBUG:root:Result: Check: fleet_planet_balance -> Failure
DEBUG:root:Result: Sequence: Territorial Expansion -> Failure
DEBUG:root:Result: Sequence: Overall Strategy -> Failure
DEBUG:root:Finish turn

DEBUG:root:Executing:Sequence: Overall Strategy
DEBUG:root:Executing:Sequence: Territorial Expansion
DEBUG:root:Executing:Check: not_totally_dominating
DEBUG:root:Result: Check: not_totally_dominating -> Success
DEBUG:root:Executing:Check: fleet_planet_balance
DEBUG:root:Result: Check: fleet_planet_balance -> Failure
DEBUG:root:Result: Sequence: Territorial Expansion -> Failure
DEBUG:root:Result: Sequence: Overall Strategy -> Failure
DEBUG:root:Finish turn

DEBUG:root:Executing:Sequence: Overall Strategy
DEBUG:root:Executing:Sequence: Territorial Expansion
DEBUG:root:Executing:Check: not_totally_dominating
DEBUG:root:Result: Check: not_totally_dominating -> Success
DEBUG:root:Executing:Check: fleet_planet_balance
DEBUG:root:Result: Check: fleet_planet_balance -> Failure
DEBUG:root:Result: Sequence: Territorial Expansion -> Failure
DEBUG:root:Result: Sequence: Overall Strategy -> Failure
DEBUG:root:Finish turn

DEBUG:root:Executing:Sequence: Overall Strategy
DEBUG:root:Executing:Sequence: Territorial Expansion
DEBUG:root:Executing:Check: not_totally_dominating
DEBUG:root:Result: Check: not_totally_dominating -> Success
DEBUG:root:Executing:Check: fleet_planet_balance
DEBUG:root:Result: Check: fleet_planet_balance -> Failure
DEBUG:root:Result: Sequence: Territorial Expansion -> Failure
DEBUG:root:Result: Sequence: Overall Strategy -> Failure
DEBUG:root:Finish turn

DEBUG:root:Executing:Sequence: Overall Strategy
DEBUG:root:Executing:Sequence: Territorial Expansion
DEBUG:root:Executing:Check: not_totally_dominating
DEBUG:root:Result: Check: not_totally_dominating -> Success
DEBUG:root:Executing:Check: fleet_planet_balance
DEBUG:root:Result: Check: fleet_planet_balance -> Failure
DEBUG:root:Result: Sequence: Territorial Expansion -> Failure
DEBUG:root:Result: Sequence: Overall Strategy -> Failure
DEBUG:root:Finish turn

DEBUG:root:Executing:Sequence: Overall Strategy
DEBUG:root:Executing:Sequence: Territorial Expansion
DEBUG:root:Executing:Check: not_totally_dominating
DEBUG:root:Result: Check: not_totally_dominating -> Success
DEBUG:root:Executing:Check: fleet_planet_balance
DEBUG:root:Result: Check: fleet_planet_balance -> Success
DEBUG:root:Executing:Action: expand_frontier
DEBUG:root:Order:1 5 26.0
DEBUG:root:Order:3 18 42.0
DEBUG:root:Order:10 6 38.0
DEBUG:root:Result: Action: expand_frontier -> Success
DEBUG:root:Result: Sequence: Territorial Expansion -> Success
DEBUG:root:Executing:Sequence: Territorial Defense
DEBUG:root:Executing:Check: enemy_fleet_present
DEBUG:root:Result: Check: enemy_fleet_present -> Success
DEBUG:root:Executing:Action: request_reinforcement
DEBUG:root:Order:8 8 13.0
DEBUG:root:Order:10 8 14.0
DEBUG:root:Order:22 8 26.0
DEBUG:root:Order:20 20 1.0
DEBUG:root:Result: Action: request_reinforcement -> Success
DEBUG:root:Result: Sequence: Territorial Defense -> Success
DEBUG:root:Result: Sequence: Overall Strategy -> Success
DEBUG:root:Finish turn

DEBUG:root:Executing:Sequence: Overall Strategy
DEBUG:root:Executing:Sequence: Territorial Expansion
DEBUG:root:Executing:Check: not_totally_dominating
DEBUG:root:Result: Check: not_totally_dominating -> Success
DEBUG:root:Executing:Check: fleet_planet_balance
DEBUG:root:Result: Check: fleet_planet_balance -> Failure
DEBUG:root:Result: Sequence: Territorial Expansion -> Failure
DEBUG:root:Result: Sequence: Overall Strategy -> Failure
DEBUG:root:Finish turn

DEBUG:root:Executing:Sequence: Overall Strategy
DEBUG:root:Executing:Sequence: Territorial Expansion
DEBUG:root:Executing:Check: not_totally_dominating
DEBUG:root:Result: Check: not_totally_dominating -> Success
DEBUG:root:Executing:Check: fleet_planet_balance
DEBUG:root:Result: Check: fleet_planet_balance -> Failure
DEBUG:root:Result: Sequence: Territorial Expansion -> Failure
DEBUG:root:Result: Sequence: Overall Strategy -> Failure
DEBUG:root:Finish turn

DEBUG:root:Executing:Sequence: Overall Strategy
DEBUG:root:Executing:Sequence: Territorial Expansion
DEBUG:root:Executing:Check: not_totally_dominating
DEBUG:root:Result: Check: not_totally_dominating -> Success
DEBUG:root:Executing:Check: fleet_planet_balance
DEBUG:root:Result: Check: fleet_planet_balance -> Failure
DEBUG:root:Result: Sequence: Territorial Expansion -> Failure
DEBUG:root:Result: Sequence: Overall Strategy -> Failure
DEBUG:root:Finish turn

DEBUG:root:Executing:Sequence: Overall Strategy
DEBUG:root:Executing:Sequence: Territorial Expansion
DEBUG:root:Executing:Check: not_totally_dominating
DEBUG:root:Result: Check: not_totally_dominating -> Success
DEBUG:root:Executing:Check: fleet_planet_balance
DEBUG:root:Result: Check: fleet_planet_balance -> Failure
DEBUG:root:Result: Sequence: Territorial Expansion -> Failure
DEBUG:root:Result: Sequence: Overall Strategy -> Failure
DEBUG:root:Finish turn

DEBUG:root:Executing:Sequence: Overall Strategy
DEBUG:root:Executing:Sequence: Territorial Expansion
DEBUG:root:Executing:Check: not_totally_dominating
DEBUG:root:Result: Check: not_totally_dominating -> Success
DEBUG:root:Executing:Check: fleet_planet_balance
DEBUG:root:Result: Check: fleet_planet_balance -> Success
DEBUG:root:Executing:Action: expand_frontier
DEBUG:root:Order:1 17 16.0
DEBUG:root:Bad order:1 27.0 36.0
DEBUG:root:Order:10 8 31.0
DEBUG:root:Order:16 18 54.0
DEBUG:root:Result: Action: expand_frontier -> Success
DEBUG:root:Result: Sequence: Territorial Expansion -> Success
DEBUG:root:Executing:Sequence: Territorial Defense
DEBUG:root:Executing:Check: enemy_fleet_present
DEBUG:root:Result: Check: enemy_fleet_present -> Success
DEBUG:root:Executing:Action: request_reinforcement
DEBUG:root:Order:4 4 1.0
DEBUG:root:Result: Action: request_reinforcement -> Success
DEBUG:root:Result: Sequence: Territorial Defense -> Success
DEBUG:root:Result: Sequence: Overall Strategy -> Success
DEBUG:root:Finish turn

DEBUG:root:Executing:Sequence: Overall Strategy
DEBUG:root:Executing:Sequence: Territorial Expansion
DEBUG:root:Executing:Check: not_totally_dominating
DEBUG:root:Result: Check: not_totally_dominating -> Success
DEBUG:root:Executing:Check: fleet_planet_balance
DEBUG:root:Result: Check: fleet_planet_balance -> Failure
DEBUG:root:Result: Sequence: Territorial Expansion -> Failure
DEBUG:root:Result: Sequence: Overall Strategy -> Failure
DEBUG:root:Finish turn

DEBUG:root:Executing:Sequence: Overall Strategy
DEBUG:root:Executing:Sequence: Territorial Expansion
DEBUG:root:Executing:Check: not_totally_dominating
DEBUG:root:Result: Check: not_totally_dominating -> Success
DEBUG:root:Executing:Check: fleet_planet_balance
DEBUG:root:Result: Check: fleet_planet_balance -> Failure
DEBUG:root:Result: Sequence: Territorial Expansion -> Failure
DEBUG:root:Result: Sequence: Overall Strategy -> Failure
DEBUG:root:Finish turn

DEBUG:root:Executing:Sequence: Overall Strategy
DEBUG:root:Executing:Sequence: Territorial Expansion
DEBUG:root:Executing:Check: not_totally_dominating
DEBUG:root:Result: Check: not_totally_dominating -> Success
DEBUG:root:Executing:Check: fleet_planet_balance
DEBUG:root:Result: Check: fleet_planet_balance -> Success
DEBUG:root:Executing:Action: expand_frontier
DEBUG:root:Order:1 17 22.0
DEBUG:root:Order:3 14 20.0
DEBUG:root:Order:19 5 44.0
DEBUG:root:Order:20 13 17.0
DEBUG:root:Order:22 8 51.0
DEBUG:root:Result: Action: expand_frontier -> Success
DEBUG:root:Result: Sequence: Territorial Expansion -> Success
DEBUG:root:Executing:Sequence: Territorial Defense
DEBUG:root:Executing:Check: enemy_fleet_present
DEBUG:root:Result: Check: enemy_fleet_present -> Success
DEBUG:root:Executing:Action: request_reinforcement
DEBUG:root:Order:4 4 1.0
DEBUG:root:Result: Action: request_reinforcement -> Success
DEBUG:root:Result: Sequence: Territorial Defense -> Success
DEBUG:root:Result: Sequence: Overall Strategy -> Success
DEBUG:root:Finish turn

DEBUG:root:Executing:Sequence: Overall Strategy
DEBUG:root:Executing:Sequence: Territorial Expansion
DEBUG:root:Executing:Check: not_totally_dominating
DEBUG:root:Result: Check: not_totally_dominating -> Success
DEBUG:root:Executing:Check: fleet_planet_balance
DEBUG:root:Result: Check: fleet_planet_balance -> Success
DEBUG:root:Executing:Action: expand_frontier
DEBUG:root:Order:1 17 24.0
DEBUG:root:Order:3 14 23.0
DEBUG:root:Order:20 13 20.0
DEBUG:root:Result: Action: expand_frontier -> Success
DEBUG:root:Result: Sequence: Territorial Expansion -> Success
DEBUG:root:Executing:Sequence: Territorial Defense
DEBUG:root:Executing:Check: enemy_fleet_present
DEBUG:root:Result: Check: enemy_fleet_present -> Success
DEBUG:root:Executing:Action: request_reinforcement
DEBUG:root:Order:4 4 1.0
DEBUG:root:Order:18 18 1.0
DEBUG:root:Result: Action: request_reinforcement -> Success
DEBUG:root:Result: Sequence: Territorial Defense -> Success
DEBUG:root:Result: Sequence: Overall Strategy -> Success
DEBUG:root:Finish turn

DEBUG:root:Executing:Sequence: Overall Strategy
DEBUG:root:Executing:Sequence: Territorial Expansion
DEBUG:root:Executing:Check: not_totally_dominating
DEBUG:root:Result: Check: not_totally_dominating -> Success
DEBUG:root:Executing:Check: fleet_planet_balance
DEBUG:root:Result: Check: fleet_planet_balance -> Failure
DEBUG:root:Result: Sequence: Territorial Expansion -> Failure
DEBUG:root:Result: Sequence: Overall Strategy -> Failure
DEBUG:root:Finish turn

DEBUG:root:Executing:Sequence: Overall Strategy
DEBUG:root:Executing:Sequence: Territorial Expansion
DEBUG:root:Executing:Check: not_totally_dominating
DEBUG:root:Result: Check: not_totally_dominating -> Success
DEBUG:root:Executing:Check: fleet_planet_balance
DEBUG:root:Result: Check: fleet_planet_balance -> Success
DEBUG:root:Executing:Action: expand_frontier
DEBUG:root:Order:10 13 35.0
DEBUG:root:Order:16 6 50.0
DEBUG:root:Result: Action: expand_frontier -> Success
DEBUG:root:Result: Sequence: Territorial Expansion -> Success
DEBUG:root:Executing:Sequence: Territorial Defense
DEBUG:root:Executing:Check: enemy_fleet_present
DEBUG:root:Result: Check: enemy_fleet_present -> Success
DEBUG:root:Executing:Action: request_reinforcement
DEBUG:root:Order:4 4 1.0
DEBUG:root:Order:18 18 1.0
DEBUG:root:Order:5 5 1.0
DEBUG:root:Result: Action: request_reinforcement -> Success
DEBUG:root:Result: Sequence: Territorial Defense -> Success
DEBUG:root:Result: Sequence: Overall Strategy -> Success
DEBUG:root:Finish turn

DEBUG:root:Executing:Sequence: Overall Strategy
DEBUG:root:Executing:Sequence: Territorial Expansion
DEBUG:root:Executing:Check: not_totally_dominating
DEBUG:root:Result: Check: not_totally_dominating -> Success
DEBUG:root:Executing:Check: fleet_planet_balance
DEBUG:root:Result: Check: fleet_planet_balance -> Failure
DEBUG:root:Result: Sequence: Territorial Expansion -> Failure
DEBUG:root:Result: Sequence: Overall Strategy -> Failure
DEBUG:root:Finish turn

DEBUG:root:Executing:Sequence: Overall Strategy
DEBUG:root:Executing:Sequence: Territorial Expansion
DEBUG:root:Executing:Check: not_totally_dominating
DEBUG:root:Result: Check: not_totally_dominating -> Success
DEBUG:root:Executing:Check: fleet_planet_balance
DEBUG:root:Result: Check: fleet_planet_balance -> Success
DEBUG:root:Executing:Action: expand_frontier
DEBUG:root:Order:3 12 15.0
DEBUG:root:Order:8 6 46.0
DEBUG:root:Result: Action: expand_frontier -> Success
DEBUG:root:Result: Sequence: Territorial Expansion -> Success
DEBUG:root:Executing:Sequence: Territorial Defense
DEBUG:root:Executing:Check: enemy_fleet_present
DEBUG:root:Result: Check: enemy_fleet_present -> Success
DEBUG:root:Executing:Action: request_reinforcement
DEBUG:root:Order:4 4 1.0
DEBUG:root:Order:18 18 1.0
DEBUG:root:Order:5 5 1.0
DEBUG:root:Order:17 17 1.0
DEBUG:root:Result: Action: request_reinforcement -> Success
DEBUG:root:Result: Sequence: Territorial Defense -> Success
DEBUG:root:Result: Sequence: Overall Strategy -> Success
DEBUG:root:Finish turn

DEBUG:root:Executing:Sequence: Overall Strategy
DEBUG:root:Executing:Sequence: Territorial Expansion
DEBUG:root:Executing:Check: not_totally_dominating
DEBUG:root:Result: Check: not_totally_dominating -> Success
DEBUG:root:Executing:Check: fleet_planet_balance
DEBUG:root:Result: Check: fleet_planet_balance -> Success
DEBUG:root:Executing:Action: expand_frontier
DEBUG:root:Order:1 12 24.0
DEBUG:root:Order:6 18 14.0
DEBUG:root:Result: Action: expand_frontier -> Success
DEBUG:root:Result: Sequence: Territorial Expansion -> Success
DEBUG:root:Executing:Sequence: Territorial Defense
DEBUG:root:Executing:Check: enemy_fleet_present
DEBUG:root:Result: Check: enemy_fleet_present -> Success
DEBUG:root:Executing:Action: request_reinforcement
DEBUG:root:Order:4 4 1.0
DEBUG:root:Order:5 5 1.0
DEBUG:root:Result: Action: request_reinforcement -> Success
DEBUG:root:Result: Sequence: Territorial Defense -> Success
DEBUG:root:Result: Sequence: Overall Strategy -> Success
DEBUG:root:Finish turn

DEBUG:root:Executing:Sequence: Overall Strategy
DEBUG:root:Executing:Sequence: Territorial Expansion
DEBUG:root:Executing:Check: not_totally_dominating
DEBUG:root:Result: Check: not_totally_dominating -> Success
DEBUG:root:Executing:Check: fleet_planet_balance
DEBUG:root:Result: Check: fleet_planet_balance -> Success
DEBUG:root:Executing:Action: expand_frontier
DEBUG:root:Order:8 18 34.0
DEBUG:root:Order:14 12 18.0
DEBUG:root:Result: Action: expand_frontier -> Success
DEBUG:root:Result: Sequence: Territorial Expansion -> Success
DEBUG:root:Executing:Sequence: Territorial Defense
DEBUG:root:Executing:Check: enemy_fleet_present
DEBUG:root:Result: Check: enemy_fleet_present -> Success
DEBUG:root:Executing:Action: request_reinforcement
DEBUG:root:Order:5 5 1.0
DEBUG:root:Result: Action: request_reinforcement -> Success
DEBUG:root:Result: Sequence: Territorial Defense -> Success
DEBUG:root:Result: Sequence: Overall Strategy -> Success
DEBUG:root:Finish turn

DEBUG:root:Executing:Sequence: Overall Strategy
DEBUG:root:Executing:Sequence: Territorial Expansion
DEBUG:root:Executing:Check: not_totally_dominating
DEBUG:root:Result: Check: not_totally_dominating -> Success
DEBUG:root:Executing:Check: fleet_planet_balance
DEBUG:root:Result: Check: fleet_planet_balance -> Success
DEBUG:root:Executing:Action: expand_frontier
DEBUG:root:Order:10 12 28.0
DEBUG:root:Order:18 4 26.0
DEBUG:root:Result: Action: expand_frontier -> Success
DEBUG:root:Result: Sequence: Territorial Expansion -> Success
DEBUG:root:Executing:Sequence: Territorial Defense
DEBUG:root:Executing:Check: enemy_fleet_present
DEBUG:root:Result: Check: enemy_fleet_present -> Success
DEBUG:root:Executing:Action: request_reinforcement
DEBUG:root:Order:5 5 1.0
DEBUG:root:Result: Action: request_reinforcement -> Success
DEBUG:root:Result: Sequence: Territorial Defense -> Success
DEBUG:root:Result: Sequence: Overall Strategy -> Success
DEBUG:root:Finish turn

DEBUG:root:Executing:Sequence: Overall Strategy
DEBUG:root:Executing:Sequence: Territorial Expansion
DEBUG:root:Executing:Check: not_totally_dominating
DEBUG:root:Result: Check: not_totally_dominating -> Success
DEBUG:root:Executing:Check: fleet_planet_balance
DEBUG:root:Result: Check: fleet_planet_balance -> Success
DEBUG:root:Executing:Action: expand_frontier
DEBUG:root:Order:16 12 29.0
DEBUG:root:Result: Action: expand_frontier -> Success
DEBUG:root:Result: Sequence: Territorial Expansion -> Success
DEBUG:root:Executing:Sequence: Territorial Defense
DEBUG:root:Executing:Check: enemy_fleet_present
DEBUG:root:Result: Check: enemy_fleet_present -> Success
DEBUG:root:Executing:Action: request_reinforcement
DEBUG:root:Order:5 5 1.0
DEBUG:root:Result: Action: request_reinforcement -> Success
DEBUG:root:Result: Sequence: Territorial Defense -> Success
DEBUG:root:Result: Sequence: Overall Strategy -> Success
DEBUG:root:Finish turn

DEBUG:root:Executing:Sequence: Overall Strategy
DEBUG:root:Executing:Sequence: Territorial Expansion
DEBUG:root:Executing:Check: not_totally_dominating
DEBUG:root:Result: Check: not_totally_dominating -> Success
DEBUG:root:Executing:Check: fleet_planet_balance
DEBUG:root:Result: Check: fleet_planet_balance -> Success
DEBUG:root:Executing:Action: expand_frontier
DEBUG:root:Order:3 12 20.0
DEBUG:root:Result: Action: expand_frontier -> Success
DEBUG:root:Result: Sequence: Territorial Expansion -> Success
DEBUG:root:Executing:Sequence: Territorial Defense
DEBUG:root:Executing:Check: enemy_fleet_present
DEBUG:root:Result: Check: enemy_fleet_present -> Success
DEBUG:root:Executing:Action: request_reinforcement
DEBUG:root:Result: Action: request_reinforcement -> Failure
DEBUG:root:Result: Sequence: Territorial Defense -> Failure
DEBUG:root:Result: Sequence: Overall Strategy -> Failure
DEBUG:root:Finish turn

DEBUG:root:Executing:Sequence: Overall Strategy
DEBUG:root:Executing:Sequence: Territorial Expansion
DEBUG:root:Executing:Check: not_totally_dominating
DEBUG:root:Result: Check: not_totally_dominating -> Success
DEBUG:root:Executing:Check: fleet_planet_balance
DEBUG:root:Result: Check: fleet_planet_balance -> Success
DEBUG:root:Executing:Action: expand_frontier
DEBUG:root:Order:14 12 22.0
DEBUG:root:Result: Action: expand_frontier -> Success
DEBUG:root:Result: Sequence: Territorial Expansion -> Success
DEBUG:root:Executing:Sequence: Territorial Defense
DEBUG:root:Executing:Check: enemy_fleet_present
DEBUG:root:Result: Check: enemy_fleet_present -> Success
DEBUG:root:Executing:Action: request_reinforcement
DEBUG:root:Result: Action: request_reinforcement -> Failure
DEBUG:root:Result: Sequence: Territorial Defense -> Failure
DEBUG:root:Result: Sequence: Overall Strategy -> Failure
DEBUG:root:Finish turn

DEBUG:root:Executing:Sequence: Overall Strategy
DEBUG:root:Executing:Sequence: Territorial Expansion
DEBUG:root:Executing:Check: not_totally_dominating
DEBUG:root:Result: Check: not_totally_dominating -> Success
DEBUG:root:Executing:Check: fleet_planet_balance
DEBUG:root:Result: Check: fleet_planet_balance -> Success
DEBUG:root:Executing:Action: expand_frontier
DEBUG:root:Order:1 12 30.0
DEBUG:root:Result: Action: expand_frontier -> Success
DEBUG:root:Result: Sequence: Territorial Expansion -> Success
DEBUG:root:Executing:Sequence: Territorial Defense
DEBUG:root:Executing:Check: enemy_fleet_present
DEBUG:root:Result: Check: enemy_fleet_present -> Success
DEBUG:root:Executing:Action: request_reinforcement
DEBUG:root:Order:3 3 1.0
DEBUG:root:Result: Action: request_reinforcement -> Success
DEBUG:root:Result: Sequence: Territorial Defense -> Success
DEBUG:root:Result: Sequence: Overall Strategy -> Success
DEBUG:root:Finish turn

DEBUG:root:Executing:Sequence: Overall Strategy
DEBUG:root:Executing:Sequence: Territorial Expansion
DEBUG:root:Executing:Check: not_totally_dominating
DEBUG:root:Result: Check: not_totally_dominating -> Success
DEBUG:root:Executing:Check: fleet_planet_balance
DEBUG:root:Result: Check: fleet_planet_balance -> Success
DEBUG:root:Executing:Action: expand_frontier
DEBUG:root:Order:18 12 23.0
DEBUG:root:Result: Action: expand_frontier -> Success
DEBUG:root:Result: Sequence: Territorial Expansion -> Success
DEBUG:root:Executing:Sequence: Territorial Defense
DEBUG:root:Executing:Check: enemy_fleet_present
DEBUG:root:Result: Check: enemy_fleet_present -> Success
DEBUG:root:Executing:Action: request_reinforcement
DEBUG:root:Order:3 3 1.0
DEBUG:root:Order:14 14 1.0
DEBUG:root:Result: Action: request_reinforcement -> Success
DEBUG:root:Result: Sequence: Territorial Defense -> Success
DEBUG:root:Result: Sequence: Overall Strategy -> Success
DEBUG:root:Finish turn

DEBUG:root:Executing:Sequence: Overall Strategy
DEBUG:root:Executing:Sequence: Territorial Expansion
DEBUG:root:Executing:Check: not_totally_dominating
DEBUG:root:Result: Check: not_totally_dominating -> Success
DEBUG:root:Executing:Check: fleet_planet_balance
DEBUG:root:Result: Check: fleet_planet_balance -> Success
DEBUG:root:Executing:Action: expand_frontier
DEBUG:root:Order:8 12 35.0
DEBUG:root:Order:18 15 63.0
DEBUG:root:Result: Action: expand_frontier -> Success
DEBUG:root:Result: Sequence: Territorial Expansion -> Success
DEBUG:root:Executing:Sequence: Territorial Defense
DEBUG:root:Executing:Check: enemy_fleet_present
DEBUG:root:Result: Check: enemy_fleet_present -> Success
DEBUG:root:Executing:Action: request_reinforcement
DEBUG:root:Order:3 3 1.0
DEBUG:root:Order:14 14 1.0
DEBUG:root:Order:4 4 1.0
DEBUG:root:Result: Action: request_reinforcement -> Success
DEBUG:root:Result: Sequence: Territorial Defense -> Success
DEBUG:root:Result: Sequence: Overall Strategy -> Success
DEBUG:root:Finish turn

DEBUG:root:Executing:Sequence: Overall Strategy
DEBUG:root:Executing:Sequence: Territorial Expansion
DEBUG:root:Executing:Check: not_totally_dominating
DEBUG:root:Result: Check: not_totally_dominating -> Success
DEBUG:root:Executing:Check: fleet_planet_balance
DEBUG:root:Result: Check: fleet_planet_balance -> Success
DEBUG:root:Executing:Action: expand_frontier
DEBUG:root:Order:5 12 31.0
DEBUG:root:Order:22 11 86.0
DEBUG:root:Result: Action: expand_frontier -> Success
DEBUG:root:Result: Sequence: Territorial Expansion -> Success
DEBUG:root:Executing:Sequence: Territorial Defense
DEBUG:root:Executing:Check: enemy_fleet_present
DEBUG:root:Result: Check: enemy_fleet_present -> Success
DEBUG:root:Executing:Action: request_reinforcement
DEBUG:root:Order:3 3 1.0
DEBUG:root:Order:14 14 1.0
DEBUG:root:Order:4 4 1.0
DEBUG:root:Result: Action: request_reinforcement -> Success
DEBUG:root:Result: Sequence: Territorial Defense -> Success
DEBUG:root:Result: Sequence: Overall Strategy -> Success
DEBUG:root:Finish turn

DEBUG:root:Executing:Sequence: Overall Strategy
DEBUG:root:Executing:Sequence: Territorial Expansion
DEBUG:root:Executing:Check: not_totally_dominating
DEBUG:root:Result: Check: not_totally_dominating -> Success
DEBUG:root:Executing:Check: fleet_planet_balance
DEBUG:root:Result: Check: fleet_planet_balance -> Failure
DEBUG:root:Result: Sequence: Territorial Expansion -> Failure
DEBUG:root:Result: Sequence: Overall Strategy -> Failure
DEBUG:root:Finish turn

DEBUG:root:Executing:Sequence: Overall Strategy
DEBUG:root:Executing:Sequence: Territorial Expansion
DEBUG:root:Executing:Check: not_totally_dominating
DEBUG:root:Result: Check: not_totally_dominating -> Success
DEBUG:root:Executing:Check: fleet_planet_balance
DEBUG:root:Result: Check: fleet_planet_balance -> Success
DEBUG:root:Executing:Action: expand_frontier
DEBUG:root:Result: Action: expand_frontier -> Failure
DEBUG:root:Result: Sequence: Territorial Expansion -> Failure
DEBUG:root:Result: Sequence: Overall Strategy -> Failure
DEBUG:root:Finish turn

DEBUG:root:Executing:Sequence: Overall Strategy
DEBUG:root:Executing:Sequence: Territorial Expansion
DEBUG:root:Executing:Check: not_totally_dominating
DEBUG:root:Result: Check: not_totally_dominating -> Success
DEBUG:root:Executing:Check: fleet_planet_balance
DEBUG:root:Result: Check: fleet_planet_balance -> Success
DEBUG:root:Executing:Action: expand_frontier
DEBUG:root:Result: Action: expand_frontier -> Failure
DEBUG:root:Result: Sequence: Territorial Expansion -> Failure
DEBUG:root:Result: Sequence: Overall Strategy -> Failure
DEBUG:root:Finish turn

DEBUG:root:Executing:Sequence: Overall Strategy
DEBUG:root:Executing:Sequence: Territorial Expansion
DEBUG:root:Executing:Check: not_totally_dominating
DEBUG:root:Result: Check: not_totally_dominating -> Success
DEBUG:root:Executing:Check: fleet_planet_balance
DEBUG:root:Result: Check: fleet_planet_balance -> Success
DEBUG:root:Executing:Action: expand_frontier
DEBUG:root:Result: Action: expand_frontier -> Failure
DEBUG:root:Result: Sequence: Territorial Expansion -> Failure
DEBUG:root:Result: Sequence: Overall Strategy -> Failure
DEBUG:root:Finish turn

DEBUG:root:Executing:Sequence: Overall Strategy
DEBUG:root:Executing:Sequence: Territorial Expansion
DEBUG:root:Executing:Check: not_totally_dominating
DEBUG:root:Result: Check: not_totally_dominating -> Success
DEBUG:root:Executing:Check: fleet_planet_balance
DEBUG:root:Result: Check: fleet_planet_balance -> Success
DEBUG:root:Executing:Action: expand_frontier
DEBUG:root:Order:16 3 58.0
DEBUG:root:Result: Action: expand_frontier -> Success
DEBUG:root:Result: Sequence: Territorial Expansion -> Success
DEBUG:root:Executing:Sequence: Territorial Defense
DEBUG:root:Executing:Check: enemy_fleet_present
DEBUG:root:Result: Check: enemy_fleet_present -> Success
DEBUG:root:Executing:Action: request_reinforcement
DEBUG:root:Order:11 11 1.5
DEBUG:root:Order:8 11 16.0
DEBUG:root:Order:22 11 14.5
DEBUG:root:Order:16 11 0.5
DEBUG:root:Order:10 11 30.0
DEBUG:root:Order:1 11 21.0
DEBUG:root:Order:14 14 1.0
DEBUG:root:Order:4 4 1.0
DEBUG:root:Order:18 18 1.0
DEBUG:root:Order:5 5 1.0
DEBUG:root:Result: Action: request_reinforcement -> Success
DEBUG:root:Result: Sequence: Territorial Defense -> Success
DEBUG:root:Result: Sequence: Overall Strategy -> Success
DEBUG:root:Finish turn

DEBUG:root:Executing:Sequence: Overall Strategy
DEBUG:root:Executing:Sequence: Territorial Expansion
DEBUG:root:Executing:Check: not_totally_dominating
DEBUG:root:Result: Check: not_totally_dominating -> Success
DEBUG:root:Executing:Check: fleet_planet_balance
DEBUG:root:Result: Check: fleet_planet_balance -> Failure
DEBUG:root:Result: Sequence: Territorial Expansion -> Failure
DEBUG:root:Result: Sequence: Overall Strategy -> Failure
DEBUG:root:Finish turn

DEBUG:root:Executing:Sequence: Overall Strategy
DEBUG:root:Executing:Sequence: Territorial Expansion
DEBUG:root:Executing:Check: not_totally_dominating
DEBUG:root:Result: Check: not_totally_dominating -> Success
DEBUG:root:Executing:Check: fleet_planet_balance
DEBUG:root:Result: Check: fleet_planet_balance -> Failure
DEBUG:root:Result: Sequence: Territorial Expansion -> Failure
DEBUG:root:Result: Sequence: Overall Strategy -> Failure
DEBUG:root:Finish turn

DEBUG:root:Executing:Sequence: Overall Strategy
DEBUG:root:Executing:Sequence: Territorial Expansion
DEBUG:root:Executing:Check: not_totally_dominating
DEBUG:root:Result: Check: not_totally_dominating -> Success
DEBUG:root:Executing:Check: fleet_planet_balance
DEBUG:root:Result: Check: fleet_planet_balance -> Success
DEBUG:root:Executing:Action: expand_frontier
DEBUG:root:Order:1 11 30.0
DEBUG:root:Order:17 3 34.0
DEBUG:root:Result: Action: expand_frontier -> Success
DEBUG:root:Result: Sequence: Territorial Expansion -> Success
DEBUG:root:Executing:Sequence: Territorial Defense
DEBUG:root:Executing:Check: enemy_fleet_present
DEBUG:root:Result: Check: enemy_fleet_present -> Success
DEBUG:root:Executing:Action: request_reinforcement
DEBUG:root:Order:14 14 1.0
DEBUG:root:Order:4 4 1.0
DEBUG:root:Order:5 5 1.0
DEBUG:root:Order:20 20 1.0
DEBUG:root:Order:16 16 1.0
DEBUG:root:Result: Action: request_reinforcement -> Success
DEBUG:root:Result: Sequence: Territorial Defense -> Success
DEBUG:root:Result: Sequence: Overall Strategy -> Success
DEBUG:root:Finish turn

DEBUG:root:Executing:Sequence: Overall Strategy
DEBUG:root:Executing:Sequence: Territorial Expansion
DEBUG:root:Executing:Check: not_totally_dominating
DEBUG:root:Result: Check: not_totally_dominating -> Success
DEBUG:root:Executing:Check: fleet_planet_balance
DEBUG:root:Result: Check: fleet_planet_balance -> Success
DEBUG:root:Executing:Action: expand_frontier
DEBUG:root:Order:6 9 112.0
DEBUG:root:Order:8 11 25.0
DEBUG:root:Order:15 7 45.0
DEBUG:root:Order:19 3 34.0
DEBUG:root:Result: Action: expand_frontier -> Success
DEBUG:root:Result: Sequence: Territorial Expansion -> Success
DEBUG:root:Executing:Sequence: Territorial Defense
DEBUG:root:Executing:Check: enemy_fleet_present
DEBUG:root:Result: Check: enemy_fleet_present -> Success
DEBUG:root:Executing:Action: request_reinforcement
DEBUG:root:Order:14 14 1.0
DEBUG:root:Order:4 4 1.0
DEBUG:root:Order:5 5 1.0
DEBUG:root:Order:20 20 1.0
DEBUG:root:Order:16 16 1.0
DEBUG:root:Result: Action: request_reinforcement -> Success
DEBUG:root:Result: Sequence: Territorial Defense -> Success
DEBUG:root:Result: Sequence: Overall Strategy -> Success
DEBUG:root:Finish turn

DEBUG:root:Executing:Sequence: Overall Strategy
DEBUG:root:Executing:Sequence: Territorial Expansion
DEBUG:root:Executing:Check: not_totally_dominating
DEBUG:root:Result: Check: not_totally_dominating -> Success
DEBUG:root:Executing:Check: fleet_planet_balance
DEBUG:root:Result: Check: fleet_planet_balance -> Success
DEBUG:root:Executing:Action: expand_frontier
DEBUG:root:Order:10 11 29.0
DEBUG:root:Result: Action: expand_frontier -> Success
DEBUG:root:Result: Sequence: Territorial Expansion -> Success
DEBUG:root:Executing:Sequence: Territorial Defense
DEBUG:root:Executing:Check: enemy_fleet_present
DEBUG:root:Result: Check: enemy_fleet_present -> Success
DEBUG:root:Executing:Action: request_reinforcement
DEBUG:root:Order:14 14 1.0
DEBUG:root:Order:4 4 1.0
DEBUG:root:Order:5 5 1.0
DEBUG:root:Order:20 20 1.0
DEBUG:root:Order:16 16 1.0
DEBUG:root:Result: Action: request_reinforcement -> Success
DEBUG:root:Result: Sequence: Territorial Defense -> Success
DEBUG:root:Result: Sequence: Overall Strategy -> Success
DEBUG:root:Finish turn

DEBUG:root:Executing:Sequence: Overall Strategy
DEBUG:root:Executing:Sequence: Territorial Expansion
DEBUG:root:Executing:Check: not_totally_dominating
DEBUG:root:Result: Check: not_totally_dominating -> Success
DEBUG:root:Executing:Check: fleet_planet_balance
DEBUG:root:Result: Check: fleet_planet_balance -> Success
DEBUG:root:Executing:Action: expand_frontier
DEBUG:root:Order:22 16 17.0
DEBUG:root:Result: Action: expand_frontier -> Success
DEBUG:root:Result: Sequence: Territorial Expansion -> Success
DEBUG:root:Executing:Sequence: Territorial Defense
DEBUG:root:Executing:Check: enemy_fleet_present
DEBUG:root:Result: Check: enemy_fleet_present -> Success
DEBUG:root:Executing:Action: request_reinforcement
DEBUG:root:Order:14 14 1.0
DEBUG:root:Order:4 4 1.0
DEBUG:root:Order:5 5 1.0
DEBUG:root:Order:20 20 1.0
DEBUG:root:Order:19 19 1.0
DEBUG:root:Order:15 15 1.0
DEBUG:root:Result: Action: request_reinforcement -> Success
DEBUG:root:Result: Sequence: Territorial Defense -> Success
DEBUG:root:Result: Sequence: Overall Strategy -> Success
DEBUG:root:Finish turn

DEBUG:root:Executing:Sequence: Overall Strategy
DEBUG:root:Executing:Sequence: Territorial Expansion
DEBUG:root:Executing:Check: not_totally_dominating
DEBUG:root:Result: Check: not_totally_dominating -> Success
DEBUG:root:Executing:Check: fleet_planet_balance
DEBUG:root:Result: Check: fleet_planet_balance -> Failure
DEBUG:root:Result: Sequence: Territorial Expansion -> Failure
DEBUG:root:Result: Sequence: Overall Strategy -> Failure
DEBUG:root:Finish turn

DEBUG:root:Executing:Sequence: Overall Strategy
DEBUG:root:Executing:Sequence: Territorial Expansion
DEBUG:root:Executing:Check: not_totally_dominating
DEBUG:root:Result: Check: not_totally_dominating -> Success
DEBUG:root:Executing:Check: fleet_planet_balance
DEBUG:root:Result: Check: fleet_planet_balance -> Success
DEBUG:root:Executing:Action: expand_frontier
DEBUG:root:Order:3 14 20.0
DEBUG:root:Order:6 4 30.0
DEBUG:root:Order:22 16 27.0
DEBUG:root:Result: Action: expand_frontier -> Success
DEBUG:root:Result: Sequence: Territorial Expansion -> Success
DEBUG:root:Executing:Sequence: Territorial Defense
DEBUG:root:Executing:Check: enemy_fleet_present
DEBUG:root:Result: Check: enemy_fleet_present -> Success
DEBUG:root:Executing:Action: request_reinforcement
DEBUG:root:Order:5 5 1.0
DEBUG:root:Order:20 20 1.0
DEBUG:root:Order:19 19 1.0
DEBUG:root:Result: Action: request_reinforcement -> Success
DEBUG:root:Result: Sequence: Territorial Defense -> Success
DEBUG:root:Result: Sequence: Overall Strategy -> Success
DEBUG:root:Finish turn

DEBUG:root:Executing:Sequence: Overall Strategy
DEBUG:root:Executing:Sequence: Territorial Expansion
DEBUG:root:Executing:Check: not_totally_dominating
DEBUG:root:Result: Check: not_totally_dominating -> Success
DEBUG:root:Executing:Check: fleet_planet_balance
DEBUG:root:Result: Check: fleet_planet_balance -> Success
DEBUG:root:Executing:Action: expand_frontier
DEBUG:root:Order:3 14 23.0
DEBUG:root:Order:10 4 46.0
DEBUG:root:Order:12 15 27.0
DEBUG:root:Bad order:12 41.0 50.0
DEBUG:root:Result: Action: expand_frontier -> Success
DEBUG:root:Result: Sequence: Territorial Expansion -> Success
DEBUG:root:Executing:Sequence: Territorial Defense
DEBUG:root:Executing:Check: enemy_fleet_present
DEBUG:root:Result: Check: enemy_fleet_present -> Success
DEBUG:root:Executing:Action: request_reinforcement
DEBUG:root:Order:5 5 1.0
DEBUG:root:Order:20 20 1.0
DEBUG:root:Order:19 19 1.0
DEBUG:root:Result: Action: request_reinforcement -> Success
DEBUG:root:Result: Sequence: Territorial Defense -> Success
DEBUG:root:Result: Sequence: Overall Strategy -> Success
DEBUG:root:Finish turn

DEBUG:root:Executing:Sequence: Overall Strategy
DEBUG:root:Executing:Sequence: Territorial Expansion
DEBUG:root:Executing:Check: not_totally_dominating
DEBUG:root:Result: Check: not_totally_dominating -> Success
DEBUG:root:Executing:Check: fleet_planet_balance
DEBUG:root:Result: Check: fleet_planet_balance -> Failure
DEBUG:root:Result: Sequence: Territorial Expansion -> Failure
DEBUG:root:Result: Sequence: Overall Strategy -> Failure
DEBUG:root:Finish turn

DEBUG:root:Executing:Sequence: Overall Strategy
DEBUG:root:Executing:Sequence: Territorial Expansion
DEBUG:root:Executing:Check: not_totally_dominating
DEBUG:root:Result: Check: not_totally_dominating -> Success
DEBUG:root:Executing:Check: fleet_planet_balance
DEBUG:root:Result: Check: fleet_planet_balance -> Success
DEBUG:root:Executing:Action: expand_frontier
DEBUG:root:Order:1 19 17.0
DEBUG:root:Order:12 15 37.0
DEBUG:root:Bad order:12 63.0 64.0
DEBUG:root:Order:13 4 38.0
DEBUG:root:Result: Action: expand_frontier -> Success
DEBUG:root:Result: Sequence: Territorial Expansion -> Success
DEBUG:root:Executing:Sequence: Territorial Defense
DEBUG:root:Executing:Check: enemy_fleet_present
DEBUG:root:Result: Check: enemy_fleet_present -> Success
DEBUG:root:Executing:Action: request_reinforcement
DEBUG:root:Order:5 5 1.0
DEBUG:root:Order:20 20 1.0
DEBUG:root:Result: Action: request_reinforcement -> Success
DEBUG:root:Result: Sequence: Territorial Defense -> Success
DEBUG:root:Result: Sequence: Overall Strategy -> Success
DEBUG:root:Finish turn

DEBUG:root:Executing:Sequence: Overall Strategy
DEBUG:root:Executing:Sequence: Territorial Expansion
DEBUG:root:Executing:Check: not_totally_dominating
DEBUG:root:Result: Check: not_totally_dominating -> Success
DEBUG:root:Executing:Check: fleet_planet_balance
DEBUG:root:Result: Check: fleet_planet_balance -> Success
DEBUG:root:Executing:Action: expand_frontier
DEBUG:root:Order:1 5 20.0
DEBUG:root:Order:3 19 8.0
DEBUG:root:Bad order:3 24.0 32.0
DEBUG:root:Order:12 15 42.0
DEBUG:root:Order:12 9 46.0
DEBUG:root:Order:13 4 42.0
DEBUG:root:Result: Action: expand_frontier -> Success
DEBUG:root:Result: Sequence: Territorial Expansion -> Success
DEBUG:root:Executing:Sequence: Territorial Defense
DEBUG:root:Executing:Check: enemy_fleet_present
DEBUG:root:Result: Check: enemy_fleet_present -> Success
DEBUG:root:Executing:Action: request_reinforcement
DEBUG:root:Order:20 20 1.0
DEBUG:root:Order:7 7 1.0
DEBUG:root:Result: Action: request_reinforcement -> Success
DEBUG:root:Result: Sequence: Territorial Defense -> Success
DEBUG:root:Result: Sequence: Overall Strategy -> Success
DEBUG:root:Finish turn

DEBUG:root:Executing:Sequence: Overall Strategy
DEBUG:root:Executing:Sequence: Territorial Expansion
DEBUG:root:Executing:Check: not_totally_dominating
DEBUG:root:Result: Check: not_totally_dominating -> Success
DEBUG:root:Executing:Check: fleet_planet_balance
DEBUG:root:Result: Check: fleet_planet_balance -> Success
DEBUG:root:Executing:Action: expand_frontier
DEBUG:root:Order:1 19 19.0
DEBUG:root:Order:3 5 16.0
DEBUG:root:Order:18 4 46.0
DEBUG:root:Result: Action: expand_frontier -> Success
DEBUG:root:Result: Sequence: Territorial Expansion -> Success
DEBUG:root:Executing:Sequence: Territorial Defense
DEBUG:root:Executing:Check: enemy_fleet_present
DEBUG:root:Result: Check: enemy_fleet_present -> Success
DEBUG:root:Executing:Action: request_reinforcement
DEBUG:root:Order:20 20 1.0
DEBUG:root:Order:7 7 1.0
DEBUG:root:Result: Action: request_reinforcement -> Success
DEBUG:root:Result: Sequence: Territorial Defense -> Success
DEBUG:root:Result: Sequence: Overall Strategy -> Success
DEBUG:root:Finish turn

DEBUG:root:Executing:Sequence: Overall Strategy
DEBUG:root:Executing:Sequence: Territorial Expansion
DEBUG:root:Executing:Check: not_totally_dominating
DEBUG:root:Result: Check: not_totally_dominating -> Success
DEBUG:root:Executing:Check: fleet_planet_balance
DEBUG:root:Result: Check: fleet_planet_balance -> Success
DEBUG:root:Executing:Action: expand_frontier
DEBUG:root:Order:3 5 18.0
DEBUG:root:Order:3 19 10.0
DEBUG:root:Bad order:3 46.0 71.0
DEBUG:root:Order:12 21 32.0
DEBUG:root:Result: Action: expand_frontier -> Success
DEBUG:root:Result: Sequence: Territorial Expansion -> Success
DEBUG:root:Executing:Sequence: Territorial Defense
DEBUG:root:Executing:Check: enemy_fleet_present
DEBUG:root:Result: Check: enemy_fleet_present -> Success
DEBUG:root:Executing:Action: request_reinforcement
DEBUG:root:Order:20 20 1.0
DEBUG:root:Order:7 7 1.0
DEBUG:root:Result: Action: request_reinforcement -> Success
DEBUG:root:Result: Sequence: Territorial Defense -> Success
DEBUG:root:Result: Sequence: Overall Strategy -> Success
DEBUG:root:Finish turn

DEBUG:root:Executing:Sequence: Overall Strategy
DEBUG:root:Executing:Sequence: Territorial Expansion
DEBUG:root:Executing:Check: not_totally_dominating
DEBUG:root:Result: Check: not_totally_dominating -> Success
DEBUG:root:Executing:Check: fleet_planet_balance
DEBUG:root:Result: Check: fleet_planet_balance -> Failure
DEBUG:root:Result: Sequence: Territorial Expansion -> Failure
DEBUG:root:Result: Sequence: Overall Strategy -> Failure
DEBUG:root:Finish turn

DEBUG:root:Executing:Sequence: Overall Strategy
DEBUG:root:Executing:Sequence: Territorial Expansion
DEBUG:root:Executing:Check: not_totally_dominating
DEBUG:root:Result: Check: not_totally_dominating -> Success
DEBUG:root:Executing:Check: fleet_planet_balance
DEBUG:root:Result: Check: fleet_planet_balance -> Success
DEBUG:root:Executing:Action: expand_frontier
DEBUG:root:Order:1 0 2.0
DEBUG:root:Order:3 5 22.0
DEBUG:root:Order:3 20 20.0
DEBUG:root:Order:15 21 30.0
DEBUG:root:Order:15 7 42.0
DEBUG:root:Result: Action: expand_frontier -> Success
DEBUG:root:Result: Sequence: Territorial Expansion -> Success
DEBUG:root:Executing:Sequence: Territorial Defense
DEBUG:root:Executing:Check: enemy_fleet_present
DEBUG:root:Result: Check: enemy_fleet_present -> Success
DEBUG:root:Executing:Action: request_reinforcement
DEBUG:root:Order:12 12 1.0
DEBUG:root:Result: Action: request_reinforcement -> Success
DEBUG:root:Result: Sequence: Territorial Defense -> Success
DEBUG:root:Result: Sequence: Overall Strategy -> Success
DEBUG:root:Finish turn

DEBUG:root:Executing:Sequence: Overall Strategy
DEBUG:root:Executing:Sequence: Territorial Expansion
DEBUG:root:Executing:Check: not_totally_dominating
DEBUG:root:Result: Check: not_totally_dominating -> Success
DEBUG:root:Executing:Check: fleet_planet_balance
DEBUG:root:Result: Check: fleet_planet_balance -> Success
DEBUG:root:Executing:Action: expand_frontier
DEBUG:root:Order:1 20 18.0
DEBUG:root:Order:3 0 2.0
DEBUG:root:Order:8 5 50.0
DEBUG:root:Result: Action: expand_frontier -> Success
DEBUG:root:Result: Sequence: Territorial Expansion -> Success
DEBUG:root:Executing:Sequence: Territorial Defense
DEBUG:root:Executing:Check: enemy_fleet_present
DEBUG:root:Result: Check: enemy_fleet_present -> Success
DEBUG:root:Executing:Action: request_reinforcement
DEBUG:root:Order:19 19 1.0
DEBUG:root:Result: Action: request_reinforcement -> Success
DEBUG:root:Result: Sequence: Territorial Defense -> Success
DEBUG:root:Result: Sequence: Overall Strategy -> Success
DEBUG:root:Finish turn

DEBUG:root:Executing:Sequence: Overall Strategy
DEBUG:root:Executing:Sequence: Territorial Expansion
DEBUG:root:Executing:Check: not_totally_dominating
DEBUG:root:Result: Check: not_totally_dominating -> Success
DEBUG:root:Executing:Check: fleet_planet_balance
DEBUG:root:Result: Check: fleet_planet_balance -> Success
DEBUG:root:Executing:Action: expand_frontier
DEBUG:root:Order:1 0 2.0
DEBUG:root:Order:6 20 14.0
DEBUG:root:Order:12 7 32.0
DEBUG:root:Order:17 5 26.0
DEBUG:root:Result: Action: expand_frontier -> Success
DEBUG:root:Result: Sequence: Territorial Expansion -> Success
DEBUG:root:Executing:Sequence: Territorial Defense
DEBUG:root:Executing:Check: enemy_fleet_present
DEBUG:root:Result: Check: enemy_fleet_present -> Success
DEBUG:root:Executing:Action: request_reinforcement
DEBUG:root:Result: Action: request_reinforcement -> Failure
DEBUG:root:Result: Sequence: Territorial Defense -> Failure
DEBUG:root:Result: Sequence: Overall Strategy -> Failure
DEBUG:root:Finish turn

DEBUG:root:Executing:Sequence: Overall Strategy
DEBUG:root:Executing:Sequence: Territorial Expansion
DEBUG:root:Executing:Check: not_totally_dominating
DEBUG:root:Result: Check: not_totally_dominating -> Success
DEBUG:root:Executing:Check: fleet_planet_balance
DEBUG:root:Result: Check: fleet_planet_balance -> Success
DEBUG:root:Executing:Action: expand_frontier
DEBUG:root:Order:1 0 2.0
DEBUG:root:Order:6 20 15.0
DEBUG:root:Order:21 7 47.0
DEBUG:root:Result: Action: expand_frontier -> Success
DEBUG:root:Result: Sequence: Territorial Expansion -> Success
DEBUG:root:Executing:Sequence: Territorial Defense
DEBUG:root:Executing:Check: enemy_fleet_present
DEBUG:root:Result: Check: enemy_fleet_present -> Success
DEBUG:root:Executing:Action: request_reinforcement
DEBUG:root:Result: Action: request_reinforcement -> Failure
DEBUG:root:Result: Sequence: Territorial Defense -> Failure
DEBUG:root:Result: Sequence: Overall Strategy -> Failure
DEBUG:root:Finish turn

DEBUG:root:Executing:Sequence: Overall Strategy
DEBUG:root:Executing:Sequence: Territorial Expansion
DEBUG:root:Executing:Check: not_totally_dominating
DEBUG:root:Result: Check: not_totally_dominating -> Success
DEBUG:root:Executing:Check: fleet_planet_balance
DEBUG:root:Result: Check: fleet_planet_balance -> Success
DEBUG:root:Executing:Action: expand_frontier
DEBUG:root:Order:1 0 2.0
DEBUG:root:Order:3 20 24.0
DEBUG:root:Result: Action: expand_frontier -> Success
DEBUG:root:Result: Sequence: Territorial Expansion -> Success
DEBUG:root:Executing:Sequence: Territorial Defense
DEBUG:root:Executing:Check: enemy_fleet_present
DEBUG:root:Result: Check: enemy_fleet_present -> Success
DEBUG:root:Executing:Action: request_reinforcement
DEBUG:root:Result: Action: request_reinforcement -> Failure
DEBUG:root:Result: Sequence: Territorial Defense -> Failure
DEBUG:root:Result: Sequence: Overall Strategy -> Failure
DEBUG:root:Finish turn

DEBUG:root:Executing:Sequence: Overall Strategy
DEBUG:root:Executing:Sequence: Territorial Expansion
DEBUG:root:Executing:Check: not_totally_dominating
DEBUG:root:Result: Check: not_totally_dominating -> Success
DEBUG:root:Executing:Check: fleet_planet_balance
DEBUG:root:Result: Check: fleet_planet_balance -> Success
DEBUG:root:Executing:Action: expand_frontier
DEBUG:root:Order:1 0 2.0
DEBUG:root:Order:5 20 28.0
DEBUG:root:Order:15 2 40.0
DEBUG:root:Result: Action: expand_frontier -> Success
DEBUG:root:Result: Sequence: Territorial Expansion -> Success
DEBUG:root:Executing:Sequence: Territorial Defense
DEBUG:root:Executing:Check: enemy_fleet_present
DEBUG:root:Result: Check: enemy_fleet_present -> Success
DEBUG:root:Executing:Action: request_reinforcement
DEBUG:root:Order:6 6 1.0
DEBUG:root:Result: Action: request_reinforcement -> Success
DEBUG:root:Result: Sequence: Territorial Defense -> Success
DEBUG:root:Result: Sequence: Overall Strategy -> Success
DEBUG:root:Finish turn

DEBUG:root:Executing:Sequence: Overall Strategy
DEBUG:root:Executing:Sequence: Territorial Expansion
DEBUG:root:Executing:Check: not_totally_dominating
DEBUG:root:Result: Check: not_totally_dominating -> Success
DEBUG:root:Executing:Check: fleet_planet_balance
DEBUG:root:Result: Check: fleet_planet_balance -> Failure
DEBUG:root:Result: Sequence: Territorial Expansion -> Failure
DEBUG:root:Result: Sequence: Overall Strategy -> Failure
DEBUG:root:Finish turn

DEBUG:root:Executing:Sequence: Overall Strategy
DEBUG:root:Executing:Sequence: Territorial Expansion
DEBUG:root:Executing:Check: not_totally_dominating
DEBUG:root:Result: Check: not_totally_dominating -> Success
DEBUG:root:Executing:Check: fleet_planet_balance
DEBUG:root:Result: Check: fleet_planet_balance -> Success
DEBUG:root:Executing:Action: expand_frontier
DEBUG:root:Order:1 0 2.0
DEBUG:root:Order:5 20 30.0
DEBUG:root:Result: Action: expand_frontier -> Success
DEBUG:root:Result: Sequence: Territorial Expansion -> Success
DEBUG:root:Executing:Sequence: Territorial Defense
DEBUG:root:Executing:Check: enemy_fleet_present
DEBUG:root:Result: Check: enemy_fleet_present -> Success
DEBUG:root:Executing:Action: request_reinforcement
DEBUG:root:Order:6 6 1.0
DEBUG:root:Result: Action: request_reinforcement -> Success
DEBUG:root:Result: Sequence: Territorial Defense -> Success
DEBUG:root:Result: Sequence: Overall Strategy -> Success
DEBUG:root:Finish turn

DEBUG:root:Executing:Sequence: Overall Strategy
DEBUG:root:Executing:Sequence: Territorial Expansion
DEBUG:root:Executing:Check: not_totally_dominating
DEBUG:root:Result: Check: not_totally_dominating -> Success
DEBUG:root:Executing:Check: fleet_planet_balance
DEBUG:root:Result: Check: fleet_planet_balance -> Success
DEBUG:root:Executing:Action: expand_frontier
DEBUG:root:Order:1 20 25.0
DEBUG:root:Order:3 0 2.0
DEBUG:root:Order:7 2 68.0
DEBUG:root:Result: Action: expand_frontier -> Success
DEBUG:root:Result: Sequence: Territorial Expansion -> Success
DEBUG:root:Executing:Sequence: Territorial Defense
DEBUG:root:Executing:Check: enemy_fleet_present
DEBUG:root:Result: Check: enemy_fleet_present -> Success
DEBUG:root:Executing:Action: request_reinforcement
DEBUG:root:Order:6 6 1.0
DEBUG:root:Order:12 12 1.0
DEBUG:root:Result: Action: request_reinforcement -> Success
DEBUG:root:Result: Sequence: Territorial Defense -> Success
DEBUG:root:Result: Sequence: Overall Strategy -> Success
DEBUG:root:Finish turn

DEBUG:root:Executing:Sequence: Overall Strategy
DEBUG:root:Executing:Sequence: Territorial Expansion
DEBUG:root:Executing:Check: not_totally_dominating
DEBUG:root:Result: Check: not_totally_dominating -> Success
DEBUG:root:Executing:Check: fleet_planet_balance
DEBUG:root:Result: Check: fleet_planet_balance -> Failure
DEBUG:root:Result: Sequence: Territorial Expansion -> Failure
DEBUG:root:Result: Sequence: Overall Strategy -> Failure
DEBUG:root:Finish turn

DEBUG:root:Executing:Sequence: Overall Strategy
DEBUG:root:Executing:Sequence: Territorial Expansion
DEBUG:root:Executing:Check: not_totally_dominating
DEBUG:root:Result: Check: not_totally_dominating -> Success
DEBUG:root:Executing:Check: fleet_planet_balance
DEBUG:root:Result: Check: fleet_planet_balance -> Success
DEBUG:root:Executing:Action: expand_frontier
DEBUG:root:Order:4 20 16.0
DEBUG:root:Result: Action: expand_frontier -> Success
DEBUG:root:Result: Sequence: Territorial Expansion -> Success
DEBUG:root:Executing:Sequence: Territorial Defense
DEBUG:root:Executing:Check: enemy_fleet_present
DEBUG:root:Result: Check: enemy_fleet_present -> Success
DEBUG:root:Executing:Action: request_reinforcement
DEBUG:root:Order:6 6 1.0
DEBUG:root:Order:12 12 1.0
DEBUG:root:Result: Action: request_reinforcement -> Success
DEBUG:root:Result: Sequence: Territorial Defense -> Success
DEBUG:root:Result: Sequence: Overall Strategy -> Success
DEBUG:root:Finish turn

DEBUG:root:Executing:Sequence: Overall Strategy
DEBUG:root:Executing:Sequence: Territorial Expansion
DEBUG:root:Executing:Check: not_totally_dominating
DEBUG:root:Result: Check: not_totally_dominating -> Success
DEBUG:root:Executing:Check: fleet_planet_balance
DEBUG:root:Result: Check: fleet_planet_balance -> Success
DEBUG:root:Executing:Action: expand_frontier
DEBUG:root:Order:4 20 15.0
DEBUG:root:Result: Action: expand_frontier -> Success
DEBUG:root:Result: Sequence: Territorial Expansion -> Success
DEBUG:root:Executing:Sequence: Territorial Defense
DEBUG:root:Executing:Check: enemy_fleet_present
DEBUG:root:Result: Check: enemy_fleet_present -> Success
DEBUG:root:Executing:Action: request_reinforcement
DEBUG:root:Order:6 6 1.0
DEBUG:root:Order:12 12 1.0
DEBUG:root:Result: Action: request_reinforcement -> Success
DEBUG:root:Result: Sequence: Territorial Defense -> Success
DEBUG:root:Result: Sequence: Overall Strategy -> Success
DEBUG:root:Finish turn

DEBUG:root:Executing:Sequence: Overall Strategy
DEBUG:root:Executing:Sequence: Territorial Expansion
DEBUG:root:Executing:Check: not_totally_dominating
DEBUG:root:Result: Check: not_totally_dominating -> Failure
DEBUG:root:Result: Sequence: Territorial Expansion -> Failure
DEBUG:root:Result: Sequence: Overall Strategy -> Failure
DEBUG:root:Finish turn

DEBUG:root:Executing:Sequence: Overall Strategy
DEBUG:root:Executing:Sequence: Territorial Expansion
DEBUG:root:Executing:Check: not_totally_dominating
DEBUG:root:Result: Check: not_totally_dominating -> Success
DEBUG:root:Executing:Check: fleet_planet_balance
DEBUG:root:Result: Check: fleet_planet_balance -> Success
DEBUG:root:Executing:Action: expand_frontier
DEBUG:root:Order:2 6 20.0
DEBUG:root:Result: Action: expand_frontier -> Success
DEBUG:root:Result: Sequence: Territorial Expansion -> Success
DEBUG:root:Executing:Sequence: Territorial Defense
DEBUG:root:Executing:Check: enemy_fleet_present
DEBUG:root:Result: Check: enemy_fleet_present -> Success
DEBUG:root:Executing:Action: request_reinforcement
DEBUG:root:Order:12 12 1.0
DEBUG:root:Result: Action: request_reinforcement -> Success
DEBUG:root:Result: Sequence: Territorial Defense -> Success
DEBUG:root:Result: Sequence: Overall Strategy -> Success
DEBUG:root:Finish turn

DEBUG:root:Executing:Sequence: Overall Strategy
DEBUG:root:Executing:Sequence: Territorial Expansion
DEBUG:root:Executing:Check: not_totally_dominating
DEBUG:root:Result: Check: not_totally_dominating -> Success
DEBUG:root:Executing:Check: fleet_planet_balance
DEBUG:root:Result: Check: fleet_planet_balance -> Success
DEBUG:root:Executing:Action: expand_frontier
DEBUG:root:Order:4 6 16.0
DEBUG:root:Result: Action: expand_frontier -> Success
DEBUG:root:Result: Sequence: Territorial Expansion -> Success
DEBUG:root:Executing:Sequence: Territorial Defense
DEBUG:root:Executing:Check: enemy_fleet_present
DEBUG:root:Result: Check: enemy_fleet_present -> Success
DEBUG:root:Executing:Action: request_reinforcement
DEBUG:root:Order:12 12 1.0
DEBUG:root:Result: Action: request_reinforcement -> Success
DEBUG:root:Result: Sequence: Territorial Defense -> Success
DEBUG:root:Result: Sequence: Overall Strategy -> Success
DEBUG:root:Finish turn

DEBUG:root:Executing:Sequence: Overall Strategy
DEBUG:root:Executing:Sequence: Territorial Expansion
DEBUG:root:Executing:Check: not_totally_dominating
DEBUG:root:Result: Check: not_totally_dominating -> Success
DEBUG:root:Executing:Check: fleet_planet_balance
DEBUG:root:Result: Check: fleet_planet_balance -> Success
DEBUG:root:Executing:Action: expand_frontier
DEBUG:root:Order:4 6 18.0
DEBUG:root:Result: Action: expand_frontier -> Success
DEBUG:root:Result: Sequence: Territorial Expansion -> Success
DEBUG:root:Executing:Sequence: Territorial Defense
DEBUG:root:Executing:Check: enemy_fleet_present
DEBUG:root:Result: Check: enemy_fleet_present -> Success
DEBUG:root:Executing:Action: request_reinforcement
DEBUG:root:Order:12 12 1.0
DEBUG:root:Result: Action: request_reinforcement -> Success
DEBUG:root:Result: Sequence: Territorial Defense -> Success
DEBUG:root:Result: Sequence: Overall Strategy -> Success
DEBUG:root:Finish turn

DEBUG:root:Executing:Sequence: Overall Strategy
DEBUG:root:Executing:Sequence: Territorial Expansion
DEBUG:root:Executing:Check: not_totally_dominating
DEBUG:root:Result: Check: not_totally_dominating -> Success
DEBUG:root:Executing:Check: fleet_planet_balance
DEBUG:root:Result: Check: fleet_planet_balance -> Success
DEBUG:root:Executing:Action: expand_frontier
DEBUG:root:Order:1 12 22.0
DEBUG:root:Order:2 6 26.0
DEBUG:root:Result: Action: expand_frontier -> Success
DEBUG:root:Result: Sequence: Territorial Expansion -> Success
DEBUG:root:Executing:Sequence: Territorial Defense
DEBUG:root:Executing:Check: enemy_fleet_present
DEBUG:root:Result: Check: enemy_fleet_present -> Success
DEBUG:root:Executing:Action: request_reinforcement
DEBUG:root:Result: Action: request_reinforcement -> Failure
DEBUG:root:Result: Sequence: Territorial Defense -> Failure
DEBUG:root:Result: Sequence: Overall Strategy -> Failure
DEBUG:root:Finish turn

DEBUG:root:Executing:Sequence: Overall Strategy
DEBUG:root:Executing:Sequence: Territorial Expansion
DEBUG:root:Executing:Check: not_totally_dominating
DEBUG:root:Result: Check: not_totally_dominating -> Success
DEBUG:root:Executing:Check: fleet_planet_balance
DEBUG:root:Result: Check: fleet_planet_balance -> Success
DEBUG:root:Executing:Action: expand_frontier
DEBUG:root:Order:1 12 23.0
DEBUG:root:Order:4 6 22.0
DEBUG:root:Result: Action: expand_frontier -> Success
DEBUG:root:Result: Sequence: Territorial Expansion -> Success
DEBUG:root:Executing:Sequence: Territorial Defense
DEBUG:root:Executing:Check: enemy_fleet_present
DEBUG:root:Result: Check: enemy_fleet_present -> Success
DEBUG:root:Executing:Action: request_reinforcement
DEBUG:root:Result: Action: request_reinforcement -> Failure
DEBUG:root:Result: Sequence: Territorial Defense -> Failure
DEBUG:root:Result: Sequence: Overall Strategy -> Failure
DEBUG:root:Finish turn

DEBUG:root:Executing:Sequence: Overall Strategy
DEBUG:root:Executing:Sequence: Territorial Expansion
DEBUG:root:Executing:Check: not_totally_dominating
DEBUG:root:Result: Check: not_totally_dominating -> Success
DEBUG:root:Executing:Check: fleet_planet_balance
DEBUG:root:Result: Check: fleet_planet_balance -> Success
DEBUG:root:Executing:Action: expand_frontier
DEBUG:root:Order:3 12 16.0
DEBUG:root:Bad order:3 40.0 56.0
DEBUG:root:Result: Action: expand_frontier -> Success
DEBUG:root:Result: Sequence: Territorial Expansion -> Success
DEBUG:root:Executing:Sequence: Territorial Defense
DEBUG:root:Executing:Check: enemy_fleet_present
DEBUG:root:Result: Check: enemy_fleet_present -> Success
DEBUG:root:Executing:Action: request_reinforcement
DEBUG:root:Result: Action: request_reinforcement -> Failure
DEBUG:root:Result: Sequence: Territorial Defense -> Failure
DEBUG:root:Result: Sequence: Overall Strategy -> Failure
DEBUG:root:Finish turn

DEBUG:root:Executing:Sequence: Overall Strategy
DEBUG:root:Executing:Sequence: Territorial Expansion
DEBUG:root:Executing:Check: not_totally_dominating
DEBUG:root:Result: Check: not_totally_dominating -> Success
DEBUG:root:Executing:Check: fleet_planet_balance
DEBUG:root:Result: Check: fleet_planet_balance -> Success
DEBUG:root:Executing:Action: expand_frontier
DEBUG:root:Order:2 12 14.0
DEBUG:root:Order:2 6 32.0
DEBUG:root:Result: Action: expand_frontier -> Success
DEBUG:root:Result: Sequence: Territorial Expansion -> Success
DEBUG:root:Executing:Sequence: Territorial Defense
DEBUG:root:Executing:Check: enemy_fleet_present
DEBUG:root:Result: Check: enemy_fleet_present -> Failure
DEBUG:root:Result: Sequence: Territorial Defense -> Failure
DEBUG:root:Result: Sequence: Overall Strategy -> Failure
DEBUG:root:Finish turn

DEBUG:root:Executing:Sequence: Overall Strategy
DEBUG:root:Executing:Sequence: Territorial Expansion
DEBUG:root:Executing:Check: not_totally_dominating
DEBUG:root:Result: Check: not_totally_dominating -> Success
DEBUG:root:Executing:Check: fleet_planet_balance
DEBUG:root:Result: Check: fleet_planet_balance -> Success
DEBUG:root:Executing:Action: expand_frontier
DEBUG:root:Order:2 12 15.0
DEBUG:root:Result: Action: expand_frontier -> Success
DEBUG:root:Result: Sequence: Territorial Expansion -> Success
DEBUG:root:Executing:Sequence: Territorial Defense
DEBUG:root:Executing:Check: enemy_fleet_present
DEBUG:root:Result: Check: enemy_fleet_present -> Failure
DEBUG:root:Result: Sequence: Territorial Defense -> Failure
DEBUG:root:Result: Sequence: Overall Strategy -> Failure
DEBUG:root:Finish turn

DEBUG:root:Executing:Sequence: Overall Strategy
DEBUG:root:Executing:Sequence: Territorial Expansion
DEBUG:root:Executing:Check: not_totally_dominating
DEBUG:root:Result: Check: not_totally_dominating -> Success
DEBUG:root:Executing:Check: fleet_planet_balance
DEBUG:root:Result: Check: fleet_planet_balance -> Success
DEBUG:root:Executing:Action: expand_frontier
DEBUG:root:Order:2 12 16.0
DEBUG:root:Result: Action: expand_frontier -> Success
DEBUG:root:Result: Sequence: Territorial Expansion -> Success
DEBUG:root:Executing:Sequence: Territorial Defense
DEBUG:root:Executing:Check: enemy_fleet_present
DEBUG:root:Result: Check: enemy_fleet_present -> Failure
DEBUG:root:Result: Sequence: Territorial Defense -> Failure
DEBUG:root:Result: Sequence: Overall Strategy -> Failure
DEBUG:root:Finish turn

DEBUG:root:Executing:Sequence: Overall Strategy
DEBUG:root:Executing:Sequence: Territorial Expansion
DEBUG:root:Executing:Check: not_totally_dominating
DEBUG:root:Result: Check: not_totally_dominating -> Success
DEBUG:root:Executing:Check: fleet_planet_balance
DEBUG:root:Result: Check: fleet_planet_balance -> Success
DEBUG:root:Executing:Action: expand_frontier
DEBUG:root:Order:2 12 17.0
DEBUG:root:Result: Action: expand_frontier -> Success
DEBUG:root:Result: Sequence: Territorial Expansion -> Success
DEBUG:root:Executing:Sequence: Territorial Defense
DEBUG:root:Executing:Check: enemy_fleet_present
DEBUG:root:Result: Check: enemy_fleet_present -> Failure
DEBUG:root:Result: Sequence: Territorial Defense -> Failure
DEBUG:root:Result: Sequence: Overall Strategy -> Failure
DEBUG:root:Finish turn

DEBUG:root:Executing:Sequence: Overall Strategy
DEBUG:root:Executing:Sequence: Territorial Expansion
DEBUG:root:Executing:Check: not_totally_dominating
DEBUG:root:Result: Check: not_totally_dominating -> Success
DEBUG:root:Executing:Check: fleet_planet_balance
DEBUG:root:Result: Check: fleet_planet_balance -> Success
DEBUG:root:Executing:Action: expand_frontier
DEBUG:root:Order:1 12 29.0
DEBUG:root:Result: Action: expand_frontier -> Success
DEBUG:root:Result: Sequence: Territorial Expansion -> Success
DEBUG:root:Executing:Sequence: Territorial Defense
DEBUG:root:Executing:Check: enemy_fleet_present
DEBUG:root:Result: Check: enemy_fleet_present -> Failure
DEBUG:root:Result: Sequence: Territorial Defense -> Failure
DEBUG:root:Result: Sequence: Overall Strategy -> Failure
DEBUG:root:Finish turn

DEBUG:root:Executing:Sequence: Overall Strategy
DEBUG:root:Executing:Sequence: Territorial Expansion
DEBUG:root:Executing:Check: not_totally_dominating
DEBUG:root:Result: Check: not_totally_dominating -> Success
DEBUG:root:Executing:Check: fleet_planet_balance
DEBUG:root:Result: Check: fleet_planet_balance -> Success
DEBUG:root:Executing:Action: expand_frontier
DEBUG:root:Order:3 12 22.0
DEBUG:root:Result: Action: expand_frontier -> Success
DEBUG:root:Result: Sequence: Territorial Expansion -> Success
DEBUG:root:Executing:Sequence: Territorial Defense
DEBUG:root:Executing:Check: enemy_fleet_present
DEBUG:root:Result: Check: enemy_fleet_present -> Failure
DEBUG:root:Result: Sequence: Territorial Defense -> Failure
DEBUG:root:Result: Sequence: Overall Strategy -> Failure
DEBUG:root:Finish turn

DEBUG:root:Executing:Sequence: Overall Strategy
DEBUG:root:Executing:Sequence: Territorial Expansion
DEBUG:root:Executing:Check: not_totally_dominating
DEBUG:root:Result: Check: not_totally_dominating -> Success
DEBUG:root:Executing:Check: fleet_planet_balance
DEBUG:root:Result: Check: fleet_planet_balance -> Success
DEBUG:root:Executing:Action: expand_frontier
DEBUG:root:Order:2 12 20.0
DEBUG:root:Result: Action: expand_frontier -> Success
DEBUG:root:Result: Sequence: Territorial Expansion -> Success
DEBUG:root:Executing:Sequence: Territorial Defense
DEBUG:root:Executing:Check: enemy_fleet_present
DEBUG:root:Result: Check: enemy_fleet_present -> Failure
DEBUG:root:Result: Sequence: Territorial Defense -> Failure
DEBUG:root:Result: Sequence: Overall Strategy -> Failure
DEBUG:root:Finish turn

DEBUG:root:Executing:Sequence: Overall Strategy
DEBUG:root:Executing:Sequence: Territorial Expansion
DEBUG:root:Executing:Check: not_totally_dominating
DEBUG:root:Result: Check: not_totally_dominating -> Success
DEBUG:root:Executing:Check: fleet_planet_balance
DEBUG:root:Result: Check: fleet_planet_balance -> Success
DEBUG:root:Executing:Action: expand_frontier
DEBUG:root:Order:3 12 24.0
DEBUG:root:Result: Action: expand_frontier -> Success
DEBUG:root:Result: Sequence: Territorial Expansion -> Success
DEBUG:root:Executing:Sequence: Territorial Defense
DEBUG:root:Executing:Check: enemy_fleet_present
DEBUG:root:Result: Check: enemy_fleet_present -> Failure
DEBUG:root:Result: Sequence: Territorial Defense -> Failure
DEBUG:root:Result: Sequence: Overall Strategy -> Failure
DEBUG:root:Finish turn

DEBUG:root:Executing:Sequence: Overall Strategy
DEBUG:root:Executing:Sequence: Territorial Expansion
DEBUG:root:Executing:Check: not_totally_dominating
DEBUG:root:Result: Check: not_totally_dominating -> Success
DEBUG:root:Executing:Check: fleet_planet_balance
DEBUG:root:Result: Check: fleet_planet_balance -> Success
DEBUG:root:Executing:Action: expand_frontier
DEBUG:root:Order:3 12 25.0
DEBUG:root:Result: Action: expand_frontier -> Success
DEBUG:root:Result: Sequence: Territorial Expansion -> Success
DEBUG:root:Executing:Sequence: Territorial Defense
DEBUG:root:Executing:Check: enemy_fleet_present
DEBUG:root:Result: Check: enemy_fleet_present -> Failure
DEBUG:root:Result: Sequence: Territorial Defense -> Failure
DEBUG:root:Result: Sequence: Overall Strategy -> Failure
DEBUG:root:Finish turn

